17-May-2019 23:40:35.920 INFO [main] org.apache.catalina.startup.VersionLoggerListener.log Server version name:   Apache Tomcat/9.0.19
17-May-2019 23:40:35.925 INFO [main] org.apache.catalina.startup.VersionLoggerListener.log Server built:          Apr 12 2019 14:22:48 UTC
17-May-2019 23:40:35.930 INFO [main] org.apache.catalina.startup.VersionLoggerListener.log Server version number: 9.0.19.0
17-May-2019 23:40:35.930 INFO [main] org.apache.catalina.startup.VersionLoggerListener.log OS Name:               Windows 10
17-May-2019 23:40:35.930 INFO [main] org.apache.catalina.startup.VersionLoggerListener.log OS Version:            10.0
17-May-2019 23:40:35.930 INFO [main] org.apache.catalina.startup.VersionLoggerListener.log Architecture:          amd64
17-May-2019 23:40:35.930 INFO [main] org.apache.catalina.startup.VersionLoggerListener.log Java Home:             D:\Java\jdk1.8.0_201\jre
17-May-2019 23:40:35.930 INFO [main] org.apache.catalina.startup.VersionLoggerListener.log JVM Version:           1.8.0_201-b09
17-May-2019 23:40:35.930 INFO [main] org.apache.catalina.startup.VersionLoggerListener.log JVM Vendor:            Oracle Corporation
17-May-2019 23:40:35.930 INFO [main] org.apache.catalina.startup.VersionLoggerListener.log CATALINA_BASE:         D:\apache-tomcat-9.0.19
17-May-2019 23:40:35.930 INFO [main] org.apache.catalina.startup.VersionLoggerListener.log CATALINA_HOME:         D:\apache-tomcat-9.0.19
17-May-2019 23:40:35.930 INFO [main] org.apache.catalina.startup.VersionLoggerListener.log Command line argument: -Djava.util.logging.config.file=D:\apache-tomcat-9.0.19\conf\logging.properties
17-May-2019 23:40:35.930 INFO [main] org.apache.catalina.startup.VersionLoggerListener.log Command line argument: -Djava.util.logging.manager=org.apache.juli.ClassLoaderLogManager
17-May-2019 23:40:35.930 INFO [main] org.apache.catalina.startup.VersionLoggerListener.log Command line argument: -Dhttp.nonProxyHosts=localhost|127.0.0.1|ThaiNguyen-PC
17-May-2019 23:40:35.930 INFO [main] org.apache.catalina.startup.VersionLoggerListener.log Command line argument: -Djdk.tls.ephemeralDHKeySize=2048
17-May-2019 23:40:35.930 INFO [main] org.apache.catalina.startup.VersionLoggerListener.log Command line argument: -Djava.protocol.handler.pkgs=org.apache.catalina.webresources
17-May-2019 23:40:35.930 INFO [main] org.apache.catalina.startup.VersionLoggerListener.log Command line argument: -Dignore.endorsed.dirs=
17-May-2019 23:40:35.930 INFO [main] org.apache.catalina.startup.VersionLoggerListener.log Command line argument: -Dcatalina.base=D:\apache-tomcat-9.0.19
17-May-2019 23:40:35.930 INFO [main] org.apache.catalina.startup.VersionLoggerListener.log Command line argument: -Dcatalina.home=D:\apache-tomcat-9.0.19
17-May-2019 23:40:35.930 INFO [main] org.apache.catalina.startup.VersionLoggerListener.log Command line argument: -Djava.io.tmpdir=D:\apache-tomcat-9.0.19\temp
17-May-2019 23:40:35.930 INFO [main] org.apache.catalina.core.AprLifecycleListener.lifecycleEvent Loaded APR based Apache Tomcat Native library [1.2.21] using APR version [1.6.5].
17-May-2019 23:40:35.930 INFO [main] org.apache.catalina.core.AprLifecycleListener.lifecycleEvent APR capabilities: IPv6 [true], sendfile [true], accept filters [false], random [true].
17-May-2019 23:40:35.930 INFO [main] org.apache.catalina.core.AprLifecycleListener.lifecycleEvent APR/OpenSSL configuration: useAprConnector [false], useOpenSSL [true]
17-May-2019 23:40:36.290 INFO [main] org.apache.catalina.core.AprLifecycleListener.initializeSSL OpenSSL successfully initialized [OpenSSL 1.1.1a  20 Nov 2018]
17-May-2019 23:40:37.450 INFO [main] org.apache.coyote.AbstractProtocol.init Initializing ProtocolHandler ["http-nio-8080"]
17-May-2019 23:40:38.000 INFO [main] org.apache.coyote.AbstractProtocol.init Initializing ProtocolHandler ["ajp-nio-8009"]
17-May-2019 23:40:38.000 INFO [main] org.apache.catalina.startup.Catalina.load Server initialization in [3,277] milliseconds
17-May-2019 23:40:38.333 INFO [main] org.apache.catalina.core.StandardService.startInternal Starting service [Catalina]
17-May-2019 23:40:38.333 INFO [main] org.apache.catalina.core.StandardEngine.startInternal Starting Servlet engine: [Apache Tomcat/9.0.19]
17-May-2019 23:40:38.480 INFO [main] org.apache.catalina.startup.HostConfig.deployDirectory Deploying web application directory [D:\apache-tomcat-9.0.19\webapps\docs]
17-May-2019 23:40:40.003 INFO [main] org.apache.catalina.startup.HostConfig.deployDirectory Deployment of web application directory [D:\apache-tomcat-9.0.19\webapps\docs] has finished in [1,523] ms
17-May-2019 23:40:40.031 INFO [main] org.apache.catalina.startup.HostConfig.deployDirectory Deploying web application directory [D:\apache-tomcat-9.0.19\webapps\examples]
17-May-2019 23:40:41.578 INFO [main] org.apache.catalina.startup.HostConfig.deployDirectory Deployment of web application directory [D:\apache-tomcat-9.0.19\webapps\examples] has finished in [1,547] ms
17-May-2019 23:40:41.618 INFO [main] org.apache.catalina.startup.HostConfig.deployDirectory Deploying web application directory [D:\apache-tomcat-9.0.19\webapps\host-manager]
17-May-2019 23:40:41.773 INFO [main] org.apache.catalina.startup.HostConfig.deployDirectory Deployment of web application directory [D:\apache-tomcat-9.0.19\webapps\host-manager] has finished in [155] ms
17-May-2019 23:40:41.780 INFO [main] org.apache.catalina.startup.HostConfig.deployDirectory Deploying web application directory [D:\apache-tomcat-9.0.19\webapps\manager]
17-May-2019 23:40:41.876 INFO [main] org.apache.catalina.startup.HostConfig.deployDirectory Deployment of web application directory [D:\apache-tomcat-9.0.19\webapps\manager] has finished in [103] ms
17-May-2019 23:40:41.876 INFO [main] org.apache.catalina.startup.HostConfig.deployDirectory Deploying web application directory [D:\apache-tomcat-9.0.19\webapps\ROOT]
17-May-2019 23:40:41.960 INFO [main] org.apache.catalina.startup.HostConfig.deployDirectory Deployment of web application directory [D:\apache-tomcat-9.0.19\webapps\ROOT] has finished in [79] ms
17-May-2019 23:40:41.976 INFO [main] org.apache.coyote.AbstractProtocol.start Starting ProtocolHandler ["http-nio-8080"]
17-May-2019 23:40:42.020 INFO [main] org.apache.coyote.AbstractProtocol.start Starting ProtocolHandler ["ajp-nio-8009"]
17-May-2019 23:40:42.030 INFO [main] org.apache.catalina.startup.Catalina.start Server startup in [4,027] milliseconds
17-May-2019 23:46:08.385 INFO [http-nio-8080-exec-7] org.apache.catalina.startup.HostConfig.deployDescriptor Deploying deployment descriptor [D:\apache-tomcat-9.0.19\conf\Catalina\localhost\QLTV_ver1.xml]
17-May-2019 23:46:08.408 WARNING [http-nio-8080-exec-7] org.apache.catalina.startup.HostConfig.deployDescriptor The path attribute with value [/QLTV_ver1] in deployment descriptor [D:\apache-tomcat-9.0.19\conf\Catalina\localhost\QLTV_ver1.xml] has been ignored
17-May-2019 23:46:09.440 INFO [http-nio-8080-exec-7] org.apache.jasper.servlet.TldScanner.scanJars At least one JAR was scanned for TLDs yet contained no TLDs. Enable debug logging for this logger for a complete list of JARs that were scanned but no TLDs were found in them. Skipping unneeded JARs during scanning can improve startup time and JSP compilation time.
17-May-2019 23:46:09.452 INFO [http-nio-8080-exec-7] org.apache.catalina.startup.HostConfig.deployDescriptor Deployment of deployment descriptor [D:\apache-tomcat-9.0.19\conf\Catalina\localhost\QLTV_ver1.xml] has finished in [1,065] ms
17-May-2019 23:46:09.460 INFO [http-nio-8080-exec-6] org.apache.catalina.util.LifecycleBase.start The start() method was called on component [StandardEngine[Catalina].StandardHost[localhost].StandardContext[/QLTV_ver1]] after start() had already been called. The second call will be ignored.
17-May-2019 23:59:26.468 INFO [http-nio-8080-exec-7] org.apache.catalina.startup.HostConfig.undeploy Undeploying context [/QLTV_ver1]
