22-May-2019 16:59:48.845 INFO [main] org.apache.catalina.startup.VersionLoggerListener.log Server version name:   Apache Tomcat/9.0.19
22-May-2019 16:59:48.849 INFO [main] org.apache.catalina.startup.VersionLoggerListener.log Server built:          Apr 12 2019 14:22:48 UTC
22-May-2019 16:59:48.853 INFO [main] org.apache.catalina.startup.VersionLoggerListener.log Server version number: 9.0.19.0
22-May-2019 16:59:48.853 INFO [main] org.apache.catalina.startup.VersionLoggerListener.log OS Name:               Windows 10
22-May-2019 16:59:48.853 INFO [main] org.apache.catalina.startup.VersionLoggerListener.log OS Version:            10.0
22-May-2019 16:59:48.853 INFO [main] org.apache.catalina.startup.VersionLoggerListener.log Architecture:          amd64
22-May-2019 16:59:48.854 INFO [main] org.apache.catalina.startup.VersionLoggerListener.log Java Home:             D:\Java\jdk1.8.0_201\jre
22-May-2019 16:59:48.854 INFO [main] org.apache.catalina.startup.VersionLoggerListener.log JVM Version:           1.8.0_201-b09
22-May-2019 16:59:48.854 INFO [main] org.apache.catalina.startup.VersionLoggerListener.log JVM Vendor:            Oracle Corporation
22-May-2019 16:59:48.854 INFO [main] org.apache.catalina.startup.VersionLoggerListener.log CATALINA_BASE:         D:\apache-tomcat-9.0.19
22-May-2019 16:59:48.854 INFO [main] org.apache.catalina.startup.VersionLoggerListener.log CATALINA_HOME:         D:\apache-tomcat-9.0.19
22-May-2019 16:59:48.854 INFO [main] org.apache.catalina.startup.VersionLoggerListener.log Command line argument: -Djava.util.logging.config.file=D:\apache-tomcat-9.0.19\conf\logging.properties
22-May-2019 16:59:48.854 INFO [main] org.apache.catalina.startup.VersionLoggerListener.log Command line argument: -Djava.util.logging.manager=org.apache.juli.ClassLoaderLogManager
22-May-2019 16:59:48.855 INFO [main] org.apache.catalina.startup.VersionLoggerListener.log Command line argument: -Dhttp.nonProxyHosts=localhost|127.0.0.1|ThaiNguyen-PC
22-May-2019 16:59:48.855 INFO [main] org.apache.catalina.startup.VersionLoggerListener.log Command line argument: -Djdk.tls.ephemeralDHKeySize=2048
22-May-2019 16:59:48.855 INFO [main] org.apache.catalina.startup.VersionLoggerListener.log Command line argument: -Djava.protocol.handler.pkgs=org.apache.catalina.webresources
22-May-2019 16:59:48.855 INFO [main] org.apache.catalina.startup.VersionLoggerListener.log Command line argument: -Dignore.endorsed.dirs=
22-May-2019 16:59:48.855 INFO [main] org.apache.catalina.startup.VersionLoggerListener.log Command line argument: -Dcatalina.base=D:\apache-tomcat-9.0.19
22-May-2019 16:59:48.855 INFO [main] org.apache.catalina.startup.VersionLoggerListener.log Command line argument: -Dcatalina.home=D:\apache-tomcat-9.0.19
22-May-2019 16:59:48.855 INFO [main] org.apache.catalina.startup.VersionLoggerListener.log Command line argument: -Djava.io.tmpdir=D:\apache-tomcat-9.0.19\temp
22-May-2019 16:59:48.856 INFO [main] org.apache.catalina.core.AprLifecycleListener.lifecycleEvent Loaded APR based Apache Tomcat Native library [1.2.21] using APR version [1.6.5].
22-May-2019 16:59:48.856 INFO [main] org.apache.catalina.core.AprLifecycleListener.lifecycleEvent APR capabilities: IPv6 [true], sendfile [true], accept filters [false], random [true].
22-May-2019 16:59:48.856 INFO [main] org.apache.catalina.core.AprLifecycleListener.lifecycleEvent APR/OpenSSL configuration: useAprConnector [false], useOpenSSL [true]
22-May-2019 16:59:49.287 INFO [main] org.apache.catalina.core.AprLifecycleListener.initializeSSL OpenSSL successfully initialized [OpenSSL 1.1.1a  20 Nov 2018]
22-May-2019 16:59:49.867 INFO [main] org.apache.coyote.AbstractProtocol.init Initializing ProtocolHandler ["http-nio-8080"]
22-May-2019 16:59:50.689 INFO [main] org.apache.coyote.AbstractProtocol.init Initializing ProtocolHandler ["ajp-nio-8009"]
22-May-2019 16:59:50.692 INFO [main] org.apache.catalina.startup.Catalina.load Server initialization in [2,881] milliseconds
22-May-2019 16:59:50.860 INFO [main] org.apache.catalina.core.StandardService.startInternal Starting service [Catalina]
22-May-2019 16:59:50.861 INFO [main] org.apache.catalina.core.StandardEngine.startInternal Starting Servlet engine: [Apache Tomcat/9.0.19]
22-May-2019 16:59:50.872 INFO [main] org.apache.catalina.startup.HostConfig.deployDescriptor Deploying deployment descriptor [D:\apache-tomcat-9.0.19\conf\Catalina\localhost\QLTV_ver1.xml]
22-May-2019 16:59:51.132 WARNING [main] org.apache.catalina.startup.HostConfig.deployDescriptor The path attribute with value [/QLTV_ver1] in deployment descriptor [D:\apache-tomcat-9.0.19\conf\Catalina\localhost\QLTV_ver1.xml] has been ignored
22-May-2019 16:59:53.462 INFO [main] org.apache.jasper.servlet.TldScanner.scanJars At least one JAR was scanned for TLDs yet contained no TLDs. Enable debug logging for this logger for a complete list of JARs that were scanned but no TLDs were found in them. Skipping unneeded JARs during scanning can improve startup time and JSP compilation time.
22-May-2019 16:59:53.660 INFO [main] org.apache.catalina.startup.HostConfig.deployDescriptor Deployment of deployment descriptor [D:\apache-tomcat-9.0.19\conf\Catalina\localhost\QLTV_ver1.xml] has finished in [2,788] ms
22-May-2019 16:59:53.661 INFO [main] org.apache.catalina.startup.HostConfig.deployDirectory Deploying web application directory [D:\apache-tomcat-9.0.19\webapps\docs]
22-May-2019 16:59:53.833 INFO [main] org.apache.catalina.startup.HostConfig.deployDirectory Deployment of web application directory [D:\apache-tomcat-9.0.19\webapps\docs] has finished in [171] ms
22-May-2019 16:59:53.833 INFO [main] org.apache.catalina.startup.HostConfig.deployDirectory Deploying web application directory [D:\apache-tomcat-9.0.19\webapps\examples]
22-May-2019 16:59:56.627 INFO [main] org.apache.catalina.startup.HostConfig.deployDirectory Deployment of web application directory [D:\apache-tomcat-9.0.19\webapps\examples] has finished in [2,794] ms
22-May-2019 16:59:56.628 INFO [main] org.apache.catalina.startup.HostConfig.deployDirectory Deploying web application directory [D:\apache-tomcat-9.0.19\webapps\host-manager]
22-May-2019 16:59:56.804 INFO [main] org.apache.catalina.startup.HostConfig.deployDirectory Deployment of web application directory [D:\apache-tomcat-9.0.19\webapps\host-manager] has finished in [175] ms
22-May-2019 16:59:56.804 INFO [main] org.apache.catalina.startup.HostConfig.deployDirectory Deploying web application directory [D:\apache-tomcat-9.0.19\webapps\manager]
22-May-2019 16:59:56.952 INFO [main] org.apache.catalina.startup.HostConfig.deployDirectory Deployment of web application directory [D:\apache-tomcat-9.0.19\webapps\manager] has finished in [147] ms
22-May-2019 16:59:56.953 INFO [main] org.apache.catalina.startup.HostConfig.deployDirectory Deploying web application directory [D:\apache-tomcat-9.0.19\webapps\ROOT]
22-May-2019 16:59:57.009 INFO [main] org.apache.catalina.startup.HostConfig.deployDirectory Deployment of web application directory [D:\apache-tomcat-9.0.19\webapps\ROOT] has finished in [56] ms
22-May-2019 16:59:57.017 INFO [main] org.apache.coyote.AbstractProtocol.start Starting ProtocolHandler ["http-nio-8080"]
22-May-2019 16:59:57.078 INFO [main] org.apache.coyote.AbstractProtocol.start Starting ProtocolHandler ["ajp-nio-8009"]
22-May-2019 16:59:57.085 INFO [main] org.apache.catalina.startup.Catalina.start Server startup in [6,391] milliseconds
22-May-2019 17:00:06.552 INFO [http-nio-8080-exec-3] org.apache.catalina.startup.HostConfig.undeploy Undeploying context [/QLTV_ver1]
22-May-2019 17:00:06.813 INFO [http-nio-8080-exec-8] org.apache.catalina.startup.HostConfig.deployDescriptor Deploying deployment descriptor [D:\apache-tomcat-9.0.19\conf\Catalina\localhost\QLTV_ver1.xml]
22-May-2019 17:00:06.817 WARNING [http-nio-8080-exec-8] org.apache.catalina.startup.HostConfig.deployDescriptor The path attribute with value [/QLTV_ver1] in deployment descriptor [D:\apache-tomcat-9.0.19\conf\Catalina\localhost\QLTV_ver1.xml] has been ignored
22-May-2019 17:00:07.608 INFO [http-nio-8080-exec-8] org.apache.jasper.servlet.TldScanner.scanJars At least one JAR was scanned for TLDs yet contained no TLDs. Enable debug logging for this logger for a complete list of JARs that were scanned but no TLDs were found in them. Skipping unneeded JARs during scanning can improve startup time and JSP compilation time.
22-May-2019 17:00:07.626 INFO [http-nio-8080-exec-8] org.apache.catalina.startup.HostConfig.deployDescriptor Deployment of deployment descriptor [D:\apache-tomcat-9.0.19\conf\Catalina\localhost\QLTV_ver1.xml] has finished in [814] ms
22-May-2019 17:00:07.631 INFO [http-nio-8080-exec-10] org.apache.catalina.util.LifecycleBase.start The start() method was called on component [StandardEngine[Catalina].StandardHost[localhost].StandardContext[/QLTV_ver1]] after start() had already been called. The second call will be ignored.
22-May-2019 17:00:51.353 INFO [http-nio-8080-exec-10] org.apache.catalina.startup.HostConfig.undeploy Undeploying context [/QLTV_ver1]
22-May-2019 17:01:02.657 INFO [http-nio-8080-exec-5] org.apache.catalina.startup.HostConfig.deployDescriptor Deploying deployment descriptor [D:\apache-tomcat-9.0.19\conf\Catalina\localhost\QLTV_ver1.xml]
22-May-2019 17:01:02.661 WARNING [http-nio-8080-exec-5] org.apache.catalina.startup.HostConfig.deployDescriptor The path attribute with value [/QLTV_ver1] in deployment descriptor [D:\apache-tomcat-9.0.19\conf\Catalina\localhost\QLTV_ver1.xml] has been ignored
22-May-2019 17:01:03.219 INFO [http-nio-8080-exec-5] org.apache.jasper.servlet.TldScanner.scanJars At least one JAR was scanned for TLDs yet contained no TLDs. Enable debug logging for this logger for a complete list of JARs that were scanned but no TLDs were found in them. Skipping unneeded JARs during scanning can improve startup time and JSP compilation time.
22-May-2019 17:01:03.256 INFO [http-nio-8080-exec-5] org.apache.catalina.startup.HostConfig.deployDescriptor Deployment of deployment descriptor [D:\apache-tomcat-9.0.19\conf\Catalina\localhost\QLTV_ver1.xml] has finished in [600] ms
22-May-2019 17:01:03.271 INFO [http-nio-8080-exec-2] org.apache.catalina.util.LifecycleBase.start The start() method was called on component [StandardEngine[Catalina].StandardHost[localhost].StandardContext[/QLTV_ver1]] after start() had already been called. The second call will be ignored.
22-May-2019 17:05:09.592 INFO [main] org.apache.catalina.core.StandardServer.await A valid shutdown command was received via the shutdown port. Stopping the Server instance.
22-May-2019 17:05:09.592 INFO [main] org.apache.coyote.AbstractProtocol.pause Pausing ProtocolHandler ["http-nio-8080"]
22-May-2019 17:05:09.801 INFO [main] org.apache.coyote.AbstractProtocol.pause Pausing ProtocolHandler ["ajp-nio-8009"]
22-May-2019 17:05:09.984 INFO [main] org.apache.catalina.core.StandardService.stopInternal Stopping service [Catalina]
22-May-2019 17:05:10.023 WARNING [main] org.apache.catalina.loader.WebappClassLoaderBase.clearReferencesJdbc The web application [QLTV_ver1] registered the JDBC driver [com.microsoft.sqlserver.jdbc.SQLServerDriver] but failed to unregister it when the web application was stopped. To prevent a memory leak, the JDBC Driver has been forcibly unregistered.
22-May-2019 17:05:10.036 INFO [main] org.apache.coyote.AbstractProtocol.stop Stopping ProtocolHandler ["http-nio-8080"]
22-May-2019 17:05:10.043 INFO [main] org.apache.coyote.AbstractProtocol.stop Stopping ProtocolHandler ["ajp-nio-8009"]
22-May-2019 17:05:10.045 INFO [main] org.apache.coyote.AbstractProtocol.destroy Destroying ProtocolHandler ["http-nio-8080"]
22-May-2019 17:05:10.046 INFO [main] org.apache.coyote.AbstractProtocol.destroy Destroying ProtocolHandler ["ajp-nio-8009"]
