27-May-2019 14:58:36.001 INFO [main] org.apache.catalina.startup.VersionLoggerListener.log Server version name:   Apache Tomcat/9.0.19
27-May-2019 14:58:36.005 INFO [main] org.apache.catalina.startup.VersionLoggerListener.log Server built:          Apr 12 2019 14:22:48 UTC
27-May-2019 14:58:36.010 INFO [main] org.apache.catalina.startup.VersionLoggerListener.log Server version number: 9.0.19.0
27-May-2019 14:58:36.010 INFO [main] org.apache.catalina.startup.VersionLoggerListener.log OS Name:               Windows 10
27-May-2019 14:58:36.010 INFO [main] org.apache.catalina.startup.VersionLoggerListener.log OS Version:            10.0
27-May-2019 14:58:36.010 INFO [main] org.apache.catalina.startup.VersionLoggerListener.log Architecture:          amd64
27-May-2019 14:58:36.010 INFO [main] org.apache.catalina.startup.VersionLoggerListener.log Java Home:             D:\Java\jdk1.8.0_201\jre
27-May-2019 14:58:36.010 INFO [main] org.apache.catalina.startup.VersionLoggerListener.log JVM Version:           1.8.0_201-b09
27-May-2019 14:58:36.010 INFO [main] org.apache.catalina.startup.VersionLoggerListener.log JVM Vendor:            Oracle Corporation
27-May-2019 14:58:36.010 INFO [main] org.apache.catalina.startup.VersionLoggerListener.log CATALINA_BASE:         D:\apache-tomcat-9.0.19
27-May-2019 14:58:36.010 INFO [main] org.apache.catalina.startup.VersionLoggerListener.log CATALINA_HOME:         D:\apache-tomcat-9.0.19
27-May-2019 14:58:36.011 INFO [main] org.apache.catalina.startup.VersionLoggerListener.log Command line argument: -Djava.util.logging.config.file=D:\apache-tomcat-9.0.19\conf\logging.properties
27-May-2019 14:58:36.011 INFO [main] org.apache.catalina.startup.VersionLoggerListener.log Command line argument: -Djava.util.logging.manager=org.apache.juli.ClassLoaderLogManager
27-May-2019 14:58:36.011 INFO [main] org.apache.catalina.startup.VersionLoggerListener.log Command line argument: -Dhttp.nonProxyHosts=localhost|127.0.0.1|ThaiNguyen-PC
27-May-2019 14:58:36.011 INFO [main] org.apache.catalina.startup.VersionLoggerListener.log Command line argument: -Djdk.tls.ephemeralDHKeySize=2048
27-May-2019 14:58:36.011 INFO [main] org.apache.catalina.startup.VersionLoggerListener.log Command line argument: -Djava.protocol.handler.pkgs=org.apache.catalina.webresources
27-May-2019 14:58:36.012 INFO [main] org.apache.catalina.startup.VersionLoggerListener.log Command line argument: -Dignore.endorsed.dirs=
27-May-2019 14:58:36.012 INFO [main] org.apache.catalina.startup.VersionLoggerListener.log Command line argument: -Dcatalina.base=D:\apache-tomcat-9.0.19
27-May-2019 14:58:36.012 INFO [main] org.apache.catalina.startup.VersionLoggerListener.log Command line argument: -Dcatalina.home=D:\apache-tomcat-9.0.19
27-May-2019 14:58:36.012 INFO [main] org.apache.catalina.startup.VersionLoggerListener.log Command line argument: -Djava.io.tmpdir=D:\apache-tomcat-9.0.19\temp
27-May-2019 14:58:36.012 INFO [main] org.apache.catalina.core.AprLifecycleListener.lifecycleEvent Loaded APR based Apache Tomcat Native library [1.2.21] using APR version [1.6.5].
27-May-2019 14:58:36.012 INFO [main] org.apache.catalina.core.AprLifecycleListener.lifecycleEvent APR capabilities: IPv6 [true], sendfile [true], accept filters [false], random [true].
27-May-2019 14:58:36.012 INFO [main] org.apache.catalina.core.AprLifecycleListener.lifecycleEvent APR/OpenSSL configuration: useAprConnector [false], useOpenSSL [true]
27-May-2019 14:58:36.727 INFO [main] org.apache.catalina.core.AprLifecycleListener.initializeSSL OpenSSL successfully initialized [OpenSSL 1.1.1a  20 Nov 2018]
27-May-2019 14:58:39.916 INFO [main] org.apache.coyote.AbstractProtocol.init Initializing ProtocolHandler ["http-nio-8080"]
27-May-2019 14:58:41.303 INFO [main] org.apache.coyote.AbstractProtocol.init Initializing ProtocolHandler ["ajp-nio-8009"]
27-May-2019 14:58:41.309 INFO [main] org.apache.catalina.startup.Catalina.load Server initialization in [6,967] milliseconds
27-May-2019 14:58:41.856 INFO [main] org.apache.catalina.core.StandardService.startInternal Starting service [Catalina]
27-May-2019 14:58:41.856 INFO [main] org.apache.catalina.core.StandardEngine.startInternal Starting Servlet engine: [Apache Tomcat/9.0.19]
27-May-2019 14:58:41.885 INFO [main] org.apache.catalina.startup.HostConfig.deployDescriptor Deploying deployment descriptor [D:\apache-tomcat-9.0.19\conf\Catalina\localhost\QLTV_ver1.xml]
27-May-2019 14:58:41.984 WARNING [main] org.apache.catalina.startup.HostConfig.deployDescriptor The path attribute with value [/QLTV_ver1] in deployment descriptor [D:\apache-tomcat-9.0.19\conf\Catalina\localhost\QLTV_ver1.xml] has been ignored
27-May-2019 14:58:49.973 INFO [main] org.apache.jasper.servlet.TldScanner.scanJars At least one JAR was scanned for TLDs yet contained no TLDs. Enable debug logging for this logger for a complete list of JARs that were scanned but no TLDs were found in them. Skipping unneeded JARs during scanning can improve startup time and JSP compilation time.
27-May-2019 14:58:50.250 INFO [main] org.apache.catalina.startup.HostConfig.deployDescriptor Deployment of deployment descriptor [D:\apache-tomcat-9.0.19\conf\Catalina\localhost\QLTV_ver1.xml] has finished in [8,365] ms
27-May-2019 14:58:50.251 INFO [main] org.apache.catalina.startup.HostConfig.deployDirectory Deploying web application directory [D:\apache-tomcat-9.0.19\webapps\docs]
27-May-2019 14:58:50.343 INFO [main] org.apache.catalina.startup.HostConfig.deployDirectory Deployment of web application directory [D:\apache-tomcat-9.0.19\webapps\docs] has finished in [92] ms
27-May-2019 14:58:50.343 INFO [main] org.apache.catalina.startup.HostConfig.deployDirectory Deploying web application directory [D:\apache-tomcat-9.0.19\webapps\examples]
27-May-2019 14:58:51.313 INFO [main] org.apache.catalina.startup.HostConfig.deployDirectory Deployment of web application directory [D:\apache-tomcat-9.0.19\webapps\examples] has finished in [968] ms
27-May-2019 14:58:51.313 INFO [main] org.apache.catalina.startup.HostConfig.deployDirectory Deploying web application directory [D:\apache-tomcat-9.0.19\webapps\host-manager]
27-May-2019 14:58:51.488 INFO [main] org.apache.catalina.startup.HostConfig.deployDirectory Deployment of web application directory [D:\apache-tomcat-9.0.19\webapps\host-manager] has finished in [175] ms
27-May-2019 14:58:51.488 INFO [main] org.apache.catalina.startup.HostConfig.deployDirectory Deploying web application directory [D:\apache-tomcat-9.0.19\webapps\manager]
27-May-2019 14:58:51.577 INFO [main] org.apache.catalina.startup.HostConfig.deployDirectory Deployment of web application directory [D:\apache-tomcat-9.0.19\webapps\manager] has finished in [84] ms
27-May-2019 14:58:51.578 INFO [main] org.apache.catalina.startup.HostConfig.deployDirectory Deploying web application directory [D:\apache-tomcat-9.0.19\webapps\ROOT]
27-May-2019 14:58:51.657 INFO [main] org.apache.catalina.startup.HostConfig.deployDirectory Deployment of web application directory [D:\apache-tomcat-9.0.19\webapps\ROOT] has finished in [79] ms
27-May-2019 14:58:51.668 INFO [main] org.apache.coyote.AbstractProtocol.start Starting ProtocolHandler ["http-nio-8080"]
27-May-2019 14:58:51.705 INFO [main] org.apache.coyote.AbstractProtocol.start Starting ProtocolHandler ["ajp-nio-8009"]
27-May-2019 14:58:51.709 INFO [main] org.apache.catalina.startup.Catalina.start Server startup in [10,400] milliseconds
27-May-2019 15:16:59.127 INFO [http-nio-8080-exec-2] org.apache.catalina.core.StandardContext.reload Reloading Context with name [/QLTV_ver1] has started
27-May-2019 15:16:59.228 WARNING [http-nio-8080-exec-2] org.apache.catalina.loader.WebappClassLoaderBase.clearReferencesJdbc The web application [QLTV_ver1] registered the JDBC driver [com.microsoft.sqlserver.jdbc.SQLServerDriver] but failed to unregister it when the web application was stopped. To prevent a memory leak, the JDBC Driver has been forcibly unregistered.
27-May-2019 15:17:02.169 INFO [http-nio-8080-exec-2] org.apache.jasper.servlet.TldScanner.scanJars At least one JAR was scanned for TLDs yet contained no TLDs. Enable debug logging for this logger for a complete list of JARs that were scanned but no TLDs were found in them. Skipping unneeded JARs during scanning can improve startup time and JSP compilation time.
27-May-2019 15:17:02.183 INFO [http-nio-8080-exec-2] org.apache.catalina.core.StandardContext.reload Reloading Context with name [/QLTV_ver1] is completed
27-May-2019 15:17:26.911 INFO [http-nio-8080-exec-1] org.apache.catalina.core.StandardContext.reload Reloading Context with name [/QLTV_ver1] has started
27-May-2019 15:17:26.921 WARNING [http-nio-8080-exec-1] org.apache.catalina.loader.WebappClassLoaderBase.clearReferencesJdbc The web application [QLTV_ver1] registered the JDBC driver [com.microsoft.sqlserver.jdbc.SQLServerDriver] but failed to unregister it when the web application was stopped. To prevent a memory leak, the JDBC Driver has been forcibly unregistered.
27-May-2019 15:17:27.294 INFO [http-nio-8080-exec-1] org.apache.jasper.servlet.TldScanner.scanJars At least one JAR was scanned for TLDs yet contained no TLDs. Enable debug logging for this logger for a complete list of JARs that were scanned but no TLDs were found in them. Skipping unneeded JARs during scanning can improve startup time and JSP compilation time.
27-May-2019 15:17:27.315 INFO [http-nio-8080-exec-1] org.apache.catalina.core.StandardContext.reload Reloading Context with name [/QLTV_ver1] is completed
27-May-2019 15:59:38.399 WARNING [http-nio-8080-exec-21] org.apache.catalina.loader.WebappClassLoaderBase.clearReferencesJdbc The web application [QLTV_ver1] registered the JDBC driver [com.microsoft.sqlserver.jdbc.SQLServerDriver] but failed to unregister it when the web application was stopped. To prevent a memory leak, the JDBC Driver has been forcibly unregistered.
27-May-2019 15:59:41.941 INFO [http-nio-8080-exec-22] org.apache.jasper.servlet.TldScanner.scanJars At least one JAR was scanned for TLDs yet contained no TLDs. Enable debug logging for this logger for a complete list of JARs that were scanned but no TLDs were found in them. Skipping unneeded JARs during scanning can improve startup time and JSP compilation time.
27-May-2019 15:59:42.051 INFO [http-nio-8080-exec-23] org.apache.catalina.core.StandardContext.reload Reloading Context with name [/QLTV_ver1] has started
27-May-2019 15:59:42.535 INFO [http-nio-8080-exec-23] org.apache.jasper.servlet.TldScanner.scanJars At least one JAR was scanned for TLDs yet contained no TLDs. Enable debug logging for this logger for a complete list of JARs that were scanned but no TLDs were found in them. Skipping unneeded JARs during scanning can improve startup time and JSP compilation time.
27-May-2019 15:59:42.566 INFO [http-nio-8080-exec-23] org.apache.catalina.core.StandardContext.reload Reloading Context with name [/QLTV_ver1] is completed
27-May-2019 15:59:47.268 INFO [Catalina-utility-2] org.apache.catalina.startup.HostConfig.reload Reloading context [/QLTV_ver1]
27-May-2019 15:59:47.268 INFO [Catalina-utility-2] org.apache.catalina.core.StandardContext.reload Reloading Context with name [/QLTV_ver1] has started
27-May-2019 15:59:47.768 INFO [Catalina-utility-2] org.apache.jasper.servlet.TldScanner.scanJars At least one JAR was scanned for TLDs yet contained no TLDs. Enable debug logging for this logger for a complete list of JARs that were scanned but no TLDs were found in them. Skipping unneeded JARs during scanning can improve startup time and JSP compilation time.
27-May-2019 15:59:47.784 INFO [Catalina-utility-2] org.apache.catalina.core.StandardContext.reload Reloading Context with name [/QLTV_ver1] is completed
27-May-2019 16:02:15.398 INFO [http-nio-8080-exec-27] org.apache.catalina.core.StandardContext.reload Reloading Context with name [/QLTV_ver1] has started
27-May-2019 16:02:15.882 INFO [http-nio-8080-exec-27] org.apache.jasper.servlet.TldScanner.scanJars At least one JAR was scanned for TLDs yet contained no TLDs. Enable debug logging for this logger for a complete list of JARs that were scanned but no TLDs were found in them. Skipping unneeded JARs during scanning can improve startup time and JSP compilation time.
27-May-2019 16:02:15.898 INFO [http-nio-8080-exec-27] org.apache.catalina.core.StandardContext.reload Reloading Context with name [/QLTV_ver1] is completed
27-May-2019 16:02:15.929 INFO [http-nio-8080-exec-28] org.apache.catalina.core.StandardContext.reload Reloading Context with name [/QLTV_ver1] has started
27-May-2019 16:02:16.304 INFO [http-nio-8080-exec-28] org.apache.jasper.servlet.TldScanner.scanJars At least one JAR was scanned for TLDs yet contained no TLDs. Enable debug logging for this logger for a complete list of JARs that were scanned but no TLDs were found in them. Skipping unneeded JARs during scanning can improve startup time and JSP compilation time.
27-May-2019 16:02:16.319 INFO [http-nio-8080-exec-28] org.apache.catalina.core.StandardContext.reload Reloading Context with name [/QLTV_ver1] is completed
27-May-2019 16:08:02.812 INFO [http-nio-8080-exec-31] org.apache.catalina.core.StandardContext.reload Reloading Context with name [/QLTV_ver1] has started
27-May-2019 16:08:02.984 WARNING [http-nio-8080-exec-31] org.apache.catalina.loader.WebappClassLoaderBase.clearReferencesJdbc The web application [QLTV_ver1] registered the JDBC driver [com.microsoft.sqlserver.jdbc.SQLServerDriver] but failed to unregister it when the web application was stopped. To prevent a memory leak, the JDBC Driver has been forcibly unregistered.
27-May-2019 16:08:09.332 INFO [http-nio-8080-exec-31] org.apache.jasper.servlet.TldScanner.scanJars At least one JAR was scanned for TLDs yet contained no TLDs. Enable debug logging for this logger for a complete list of JARs that were scanned but no TLDs were found in them. Skipping unneeded JARs during scanning can improve startup time and JSP compilation time.
27-May-2019 16:08:09.347 INFO [http-nio-8080-exec-31] org.apache.catalina.core.StandardContext.reload Reloading Context with name [/QLTV_ver1] is completed
27-May-2019 16:08:09.394 INFO [http-nio-8080-exec-36] org.apache.catalina.core.StandardContext.reload Reloading Context with name [/QLTV_ver1] has started
27-May-2019 16:08:09.957 INFO [http-nio-8080-exec-36] org.apache.jasper.servlet.TldScanner.scanJars At least one JAR was scanned for TLDs yet contained no TLDs. Enable debug logging for this logger for a complete list of JARs that were scanned but no TLDs were found in them. Skipping unneeded JARs during scanning can improve startup time and JSP compilation time.
27-May-2019 16:08:09.957 INFO [http-nio-8080-exec-36] org.apache.catalina.core.StandardContext.reload Reloading Context with name [/QLTV_ver1] is completed
27-May-2019 16:10:21.465 INFO [http-nio-8080-exec-43] org.apache.catalina.core.StandardContext.reload Reloading Context with name [/QLTV_ver1] has started
27-May-2019 16:10:33.353 INFO [http-nio-8080-exec-43] org.apache.jasper.servlet.TldScanner.scanJars At least one JAR was scanned for TLDs yet contained no TLDs. Enable debug logging for this logger for a complete list of JARs that were scanned but no TLDs were found in them. Skipping unneeded JARs during scanning can improve startup time and JSP compilation time.
27-May-2019 16:10:33.369 INFO [http-nio-8080-exec-43] org.apache.catalina.core.StandardContext.reload Reloading Context with name [/QLTV_ver1] is completed
27-May-2019 16:10:33.431 INFO [http-nio-8080-exec-42] org.apache.catalina.core.StandardContext.reload Reloading Context with name [/QLTV_ver1] has started
27-May-2019 16:10:34.312 INFO [http-nio-8080-exec-42] org.apache.jasper.servlet.TldScanner.scanJars At least one JAR was scanned for TLDs yet contained no TLDs. Enable debug logging for this logger for a complete list of JARs that were scanned but no TLDs were found in them. Skipping unneeded JARs during scanning can improve startup time and JSP compilation time.
27-May-2019 16:10:34.421 INFO [http-nio-8080-exec-42] org.apache.catalina.core.StandardContext.reload Reloading Context with name [/QLTV_ver1] is completed
27-May-2019 16:14:24.816 INFO [http-nio-8080-exec-47] org.apache.catalina.core.StandardContext.reload Reloading Context with name [/QLTV_ver1] has started
27-May-2019 16:14:26.269 INFO [http-nio-8080-exec-47] org.apache.jasper.servlet.TldScanner.scanJars At least one JAR was scanned for TLDs yet contained no TLDs. Enable debug logging for this logger for a complete list of JARs that were scanned but no TLDs were found in them. Skipping unneeded JARs during scanning can improve startup time and JSP compilation time.
27-May-2019 16:14:26.269 INFO [http-nio-8080-exec-47] org.apache.catalina.core.StandardContext.reload Reloading Context with name [/QLTV_ver1] is completed
27-May-2019 16:15:29.773 INFO [http-nio-8080-exec-48] org.apache.catalina.core.StandardContext.reload Reloading Context with name [/QLTV_ver1] has started
27-May-2019 16:15:30.211 INFO [http-nio-8080-exec-48] org.apache.jasper.servlet.TldScanner.scanJars At least one JAR was scanned for TLDs yet contained no TLDs. Enable debug logging for this logger for a complete list of JARs that were scanned but no TLDs were found in them. Skipping unneeded JARs during scanning can improve startup time and JSP compilation time.
27-May-2019 16:15:30.226 INFO [http-nio-8080-exec-48] org.apache.catalina.core.StandardContext.reload Reloading Context with name [/QLTV_ver1] is completed
27-May-2019 16:15:36.600 INFO [http-nio-8080-exec-52] org.apache.catalina.core.StandardContext.reload Reloading Context with name [/QLTV_ver1] has started
27-May-2019 16:15:36.991 INFO [http-nio-8080-exec-52] org.apache.jasper.servlet.TldScanner.scanJars At least one JAR was scanned for TLDs yet contained no TLDs. Enable debug logging for this logger for a complete list of JARs that were scanned but no TLDs were found in them. Skipping unneeded JARs during scanning can improve startup time and JSP compilation time.
27-May-2019 16:15:37.006 INFO [http-nio-8080-exec-52] org.apache.catalina.core.StandardContext.reload Reloading Context with name [/QLTV_ver1] is completed
27-May-2019 16:58:15.998 INFO [http-nio-8080-exec-65] org.apache.catalina.core.StandardContext.reload Reloading Context with name [/QLTV_ver1] has started
27-May-2019 16:58:16.186 WARNING [http-nio-8080-exec-65] org.apache.catalina.loader.WebappClassLoaderBase.clearReferencesJdbc The web application [QLTV_ver1] registered the JDBC driver [com.microsoft.sqlserver.jdbc.SQLServerDriver] but failed to unregister it when the web application was stopped. To prevent a memory leak, the JDBC Driver has been forcibly unregistered.
27-May-2019 16:58:19.540 INFO [http-nio-8080-exec-65] org.apache.jasper.servlet.TldScanner.scanJars At least one JAR was scanned for TLDs yet contained no TLDs. Enable debug logging for this logger for a complete list of JARs that were scanned but no TLDs were found in them. Skipping unneeded JARs during scanning can improve startup time and JSP compilation time.
27-May-2019 16:58:19.556 INFO [http-nio-8080-exec-65] org.apache.catalina.core.StandardContext.reload Reloading Context with name [/QLTV_ver1] is completed
27-May-2019 16:58:20.072 INFO [http-nio-8080-exec-64] org.apache.jasper.servlet.TldScanner.scanJars At least one JAR was scanned for TLDs yet contained no TLDs. Enable debug logging for this logger for a complete list of JARs that were scanned but no TLDs were found in them. Skipping unneeded JARs during scanning can improve startup time and JSP compilation time.
27-May-2019 16:58:21.071 INFO [Catalina-utility-2] org.apache.catalina.startup.HostConfig.reload Reloading context [/QLTV_ver1]
27-May-2019 16:58:21.071 INFO [Catalina-utility-2] org.apache.catalina.core.StandardContext.reload Reloading Context with name [/QLTV_ver1] has started
27-May-2019 16:58:21.493 INFO [Catalina-utility-2] org.apache.jasper.servlet.TldScanner.scanJars At least one JAR was scanned for TLDs yet contained no TLDs. Enable debug logging for this logger for a complete list of JARs that were scanned but no TLDs were found in them. Skipping unneeded JARs during scanning can improve startup time and JSP compilation time.
27-May-2019 16:58:21.509 INFO [Catalina-utility-2] org.apache.catalina.core.StandardContext.reload Reloading Context with name [/QLTV_ver1] is completed
27-May-2019 17:02:19.454 INFO [http-nio-8080-exec-66] org.apache.catalina.core.StandardContext.reload Reloading Context with name [/QLTV_ver1] has started
27-May-2019 17:02:19.876 INFO [http-nio-8080-exec-66] org.apache.jasper.servlet.TldScanner.scanJars At least one JAR was scanned for TLDs yet contained no TLDs. Enable debug logging for this logger for a complete list of JARs that were scanned but no TLDs were found in them. Skipping unneeded JARs during scanning can improve startup time and JSP compilation time.
27-May-2019 17:02:19.892 INFO [http-nio-8080-exec-66] org.apache.catalina.core.StandardContext.reload Reloading Context with name [/QLTV_ver1] is completed
27-May-2019 17:02:25.051 INFO [http-nio-8080-exec-69] org.apache.catalina.core.StandardContext.reload Reloading Context with name [/QLTV_ver1] has started
27-May-2019 17:02:25.567 INFO [http-nio-8080-exec-69] org.apache.jasper.servlet.TldScanner.scanJars At least one JAR was scanned for TLDs yet contained no TLDs. Enable debug logging for this logger for a complete list of JARs that were scanned but no TLDs were found in them. Skipping unneeded JARs during scanning can improve startup time and JSP compilation time.
27-May-2019 17:02:25.567 INFO [http-nio-8080-exec-69] org.apache.catalina.core.StandardContext.reload Reloading Context with name [/QLTV_ver1] is completed
27-May-2019 17:02:42.078 INFO [http-nio-8080-exec-68] org.apache.catalina.core.StandardContext.reload Reloading Context with name [/QLTV_ver1] has started
27-May-2019 17:02:42.375 INFO [http-nio-8080-exec-68] org.apache.jasper.servlet.TldScanner.scanJars At least one JAR was scanned for TLDs yet contained no TLDs. Enable debug logging for this logger for a complete list of JARs that were scanned but no TLDs were found in them. Skipping unneeded JARs during scanning can improve startup time and JSP compilation time.
27-May-2019 17:02:42.391 INFO [http-nio-8080-exec-68] org.apache.catalina.core.StandardContext.reload Reloading Context with name [/QLTV_ver1] is completed
27-May-2019 17:03:26.061 INFO [http-nio-8080-exec-69] org.apache.catalina.core.StandardContext.reload Reloading Context with name [/QLTV_ver1] has started
27-May-2019 17:03:26.436 INFO [http-nio-8080-exec-69] org.apache.jasper.servlet.TldScanner.scanJars At least one JAR was scanned for TLDs yet contained no TLDs. Enable debug logging for this logger for a complete list of JARs that were scanned but no TLDs were found in them. Skipping unneeded JARs during scanning can improve startup time and JSP compilation time.
27-May-2019 17:03:26.436 INFO [http-nio-8080-exec-69] org.apache.catalina.core.StandardContext.reload Reloading Context with name [/QLTV_ver1] is completed
27-May-2019 17:03:26.467 INFO [http-nio-8080-exec-72] org.apache.catalina.core.StandardContext.reload Reloading Context with name [/QLTV_ver1] has started
27-May-2019 17:03:26.748 INFO [http-nio-8080-exec-72] org.apache.jasper.servlet.TldScanner.scanJars At least one JAR was scanned for TLDs yet contained no TLDs. Enable debug logging for this logger for a complete list of JARs that were scanned but no TLDs were found in them. Skipping unneeded JARs during scanning can improve startup time and JSP compilation time.
27-May-2019 17:03:26.748 INFO [http-nio-8080-exec-72] org.apache.catalina.core.StandardContext.reload Reloading Context with name [/QLTV_ver1] is completed
27-May-2019 17:03:31.060 INFO [http-nio-8080-exec-74] org.apache.catalina.core.StandardContext.reload Reloading Context with name [/QLTV_ver1] has started
27-May-2019 17:03:31.497 INFO [http-nio-8080-exec-74] org.apache.jasper.servlet.TldScanner.scanJars At least one JAR was scanned for TLDs yet contained no TLDs. Enable debug logging for this logger for a complete list of JARs that were scanned but no TLDs were found in them. Skipping unneeded JARs during scanning can improve startup time and JSP compilation time.
27-May-2019 17:03:31.513 INFO [http-nio-8080-exec-74] org.apache.catalina.core.StandardContext.reload Reloading Context with name [/QLTV_ver1] is completed
27-May-2019 17:03:42.412 INFO [http-nio-8080-exec-57] org.apache.catalina.core.StandardContext.reload Reloading Context with name [/QLTV_ver1] has started
27-May-2019 17:03:42.725 INFO [http-nio-8080-exec-57] org.apache.jasper.servlet.TldScanner.scanJars At least one JAR was scanned for TLDs yet contained no TLDs. Enable debug logging for this logger for a complete list of JARs that were scanned but no TLDs were found in them. Skipping unneeded JARs during scanning can improve startup time and JSP compilation time.
27-May-2019 17:03:42.740 INFO [http-nio-8080-exec-57] org.apache.catalina.core.StandardContext.reload Reloading Context with name [/QLTV_ver1] is completed
27-May-2019 17:10:25.070 WARNING [http-nio-8080-exec-85] org.apache.catalina.loader.WebappClassLoaderBase.clearReferencesJdbc The web application [QLTV_ver1] registered the JDBC driver [com.microsoft.sqlserver.jdbc.SQLServerDriver] but failed to unregister it when the web application was stopped. To prevent a memory leak, the JDBC Driver has been forcibly unregistered.
27-May-2019 17:10:25.586 INFO [http-nio-8080-exec-85] org.apache.catalina.startup.HostConfig.undeploy Undeploying context [/QLTV_ver1]
27-May-2019 17:10:34.265 INFO [http-nio-8080-exec-87] org.apache.catalina.startup.HostConfig.deployDescriptor Deploying deployment descriptor [D:\apache-tomcat-9.0.19\conf\Catalina\localhost\QLTV_ver1.xml]
27-May-2019 17:10:34.296 WARNING [http-nio-8080-exec-87] org.apache.catalina.startup.HostConfig.deployDescriptor The path attribute with value [/QLTV_ver1] in deployment descriptor [D:\apache-tomcat-9.0.19\conf\Catalina\localhost\QLTV_ver1.xml] has been ignored
27-May-2019 17:10:34.827 INFO [http-nio-8080-exec-87] org.apache.jasper.servlet.TldScanner.scanJars At least one JAR was scanned for TLDs yet contained no TLDs. Enable debug logging for this logger for a complete list of JARs that were scanned but no TLDs were found in them. Skipping unneeded JARs during scanning can improve startup time and JSP compilation time.
27-May-2019 17:10:34.843 INFO [http-nio-8080-exec-87] org.apache.catalina.startup.HostConfig.deployDescriptor Deployment of deployment descriptor [D:\apache-tomcat-9.0.19\conf\Catalina\localhost\QLTV_ver1.xml] has finished in [578] ms
27-May-2019 17:10:34.843 INFO [http-nio-8080-exec-88] org.apache.catalina.util.LifecycleBase.start The start() method was called on component [StandardEngine[Catalina].StandardHost[localhost].StandardContext[/QLTV_ver1]] after start() had already been called. The second call will be ignored.
27-May-2019 17:15:02.262 INFO [http-nio-8080-exec-89] org.apache.catalina.core.StandardContext.reload Reloading Context with name [/QLTV_ver1] has started
27-May-2019 17:15:02.278 WARNING [http-nio-8080-exec-89] org.apache.catalina.loader.WebappClassLoaderBase.clearReferencesJdbc The web application [QLTV_ver1] registered the JDBC driver [com.microsoft.sqlserver.jdbc.SQLServerDriver] but failed to unregister it when the web application was stopped. To prevent a memory leak, the JDBC Driver has been forcibly unregistered.
27-May-2019 17:15:02.512 INFO [http-nio-8080-exec-89] org.apache.jasper.servlet.TldScanner.scanJars At least one JAR was scanned for TLDs yet contained no TLDs. Enable debug logging for this logger for a complete list of JARs that were scanned but no TLDs were found in them. Skipping unneeded JARs during scanning can improve startup time and JSP compilation time.
27-May-2019 17:15:02.544 INFO [http-nio-8080-exec-89] org.apache.catalina.core.StandardContext.reload Reloading Context with name [/QLTV_ver1] is completed
27-May-2019 19:58:48.233 INFO [main] org.apache.catalina.core.StandardServer.await A valid shutdown command was received via the shutdown port. Stopping the Server instance.
27-May-2019 19:58:48.780 INFO [main] org.apache.coyote.AbstractProtocol.pause Pausing ProtocolHandler ["http-nio-8080"]
27-May-2019 19:58:49.339 INFO [main] org.apache.coyote.AbstractProtocol.pause Pausing ProtocolHandler ["ajp-nio-8009"]
27-May-2019 19:58:49.539 INFO [main] org.apache.catalina.core.StandardService.stopInternal Stopping service [Catalina]
27-May-2019 19:58:50.914 WARNING [main] org.apache.catalina.loader.WebappClassLoaderBase.clearReferencesJdbc The web application [QLTV_ver1] registered the JDBC driver [com.microsoft.sqlserver.jdbc.SQLServerDriver] but failed to unregister it when the web application was stopped. To prevent a memory leak, the JDBC Driver has been forcibly unregistered.
27-May-2019 19:58:51.054 INFO [main] org.apache.coyote.AbstractProtocol.stop Stopping ProtocolHandler ["http-nio-8080"]
27-May-2019 19:58:51.632 INFO [main] org.apache.coyote.AbstractProtocol.stop Stopping ProtocolHandler ["ajp-nio-8009"]
27-May-2019 19:58:51.789 INFO [main] org.apache.coyote.AbstractProtocol.destroy Destroying ProtocolHandler ["http-nio-8080"]
27-May-2019 19:58:51.789 INFO [main] org.apache.coyote.AbstractProtocol.destroy Destroying ProtocolHandler ["ajp-nio-8009"]
