25-May-2019 15:05:48.833 INFO [main] org.apache.catalina.startup.VersionLoggerListener.log Server version name:   Apache Tomcat/9.0.19
25-May-2019 15:05:48.848 INFO [main] org.apache.catalina.startup.VersionLoggerListener.log Server built:          Apr 12 2019 14:22:48 UTC
25-May-2019 15:05:48.848 INFO [main] org.apache.catalina.startup.VersionLoggerListener.log Server version number: 9.0.19.0
25-May-2019 15:05:48.848 INFO [main] org.apache.catalina.startup.VersionLoggerListener.log OS Name:               Windows 10
25-May-2019 15:05:48.848 INFO [main] org.apache.catalina.startup.VersionLoggerListener.log OS Version:            10.0
25-May-2019 15:05:48.848 INFO [main] org.apache.catalina.startup.VersionLoggerListener.log Architecture:          amd64
25-May-2019 15:05:48.848 INFO [main] org.apache.catalina.startup.VersionLoggerListener.log Java Home:             D:\Java\jdk1.8.0_201\jre
25-May-2019 15:05:48.848 INFO [main] org.apache.catalina.startup.VersionLoggerListener.log JVM Version:           1.8.0_201-b09
25-May-2019 15:05:48.848 INFO [main] org.apache.catalina.startup.VersionLoggerListener.log JVM Vendor:            Oracle Corporation
25-May-2019 15:05:48.848 INFO [main] org.apache.catalina.startup.VersionLoggerListener.log CATALINA_BASE:         D:\apache-tomcat-9.0.19
25-May-2019 15:05:48.848 INFO [main] org.apache.catalina.startup.VersionLoggerListener.log CATALINA_HOME:         D:\apache-tomcat-9.0.19
25-May-2019 15:05:48.848 INFO [main] org.apache.catalina.startup.VersionLoggerListener.log Command line argument: -Djava.util.logging.config.file=D:\apache-tomcat-9.0.19\conf\logging.properties
25-May-2019 15:05:48.848 INFO [main] org.apache.catalina.startup.VersionLoggerListener.log Command line argument: -Djava.util.logging.manager=org.apache.juli.ClassLoaderLogManager
25-May-2019 15:05:48.848 INFO [main] org.apache.catalina.startup.VersionLoggerListener.log Command line argument: -Dhttp.nonProxyHosts=localhost|127.0.0.1|ThaiNguyen-PC
25-May-2019 15:05:48.848 INFO [main] org.apache.catalina.startup.VersionLoggerListener.log Command line argument: -Djdk.tls.ephemeralDHKeySize=2048
25-May-2019 15:05:48.848 INFO [main] org.apache.catalina.startup.VersionLoggerListener.log Command line argument: -Djava.protocol.handler.pkgs=org.apache.catalina.webresources
25-May-2019 15:05:48.848 INFO [main] org.apache.catalina.startup.VersionLoggerListener.log Command line argument: -Dignore.endorsed.dirs=
25-May-2019 15:05:48.848 INFO [main] org.apache.catalina.startup.VersionLoggerListener.log Command line argument: -Dcatalina.base=D:\apache-tomcat-9.0.19
25-May-2019 15:05:48.848 INFO [main] org.apache.catalina.startup.VersionLoggerListener.log Command line argument: -Dcatalina.home=D:\apache-tomcat-9.0.19
25-May-2019 15:05:48.848 INFO [main] org.apache.catalina.startup.VersionLoggerListener.log Command line argument: -Djava.io.tmpdir=D:\apache-tomcat-9.0.19\temp
25-May-2019 15:05:48.848 INFO [main] org.apache.catalina.core.AprLifecycleListener.lifecycleEvent Loaded APR based Apache Tomcat Native library [1.2.21] using APR version [1.6.5].
25-May-2019 15:05:48.848 INFO [main] org.apache.catalina.core.AprLifecycleListener.lifecycleEvent APR capabilities: IPv6 [true], sendfile [true], accept filters [false], random [true].
25-May-2019 15:05:48.848 INFO [main] org.apache.catalina.core.AprLifecycleListener.lifecycleEvent APR/OpenSSL configuration: useAprConnector [false], useOpenSSL [true]
25-May-2019 15:05:48.973 INFO [main] org.apache.catalina.core.AprLifecycleListener.initializeSSL OpenSSL successfully initialized [OpenSSL 1.1.1a  20 Nov 2018]
25-May-2019 15:05:49.661 INFO [main] org.apache.coyote.AbstractProtocol.init Initializing ProtocolHandler ["http-nio-8080"]
25-May-2019 15:05:49.963 INFO [main] org.apache.coyote.AbstractProtocol.init Initializing ProtocolHandler ["ajp-nio-8009"]
25-May-2019 15:05:49.963 INFO [main] org.apache.catalina.startup.Catalina.load Server initialization in [1,746] milliseconds
25-May-2019 15:05:50.088 INFO [main] org.apache.catalina.core.StandardService.startInternal Starting service [Catalina]
25-May-2019 15:05:50.088 INFO [main] org.apache.catalina.core.StandardEngine.startInternal Starting Servlet engine: [Apache Tomcat/9.0.19]
25-May-2019 15:05:50.104 INFO [main] org.apache.catalina.startup.HostConfig.deployDescriptor Deploying deployment descriptor [D:\apache-tomcat-9.0.19\conf\Catalina\localhost\QLTV_ver1.xml]
25-May-2019 15:05:50.135 WARNING [main] org.apache.catalina.startup.HostConfig.deployDescriptor The path attribute with value [/QLTV_ver1] in deployment descriptor [D:\apache-tomcat-9.0.19\conf\Catalina\localhost\QLTV_ver1.xml] has been ignored
25-May-2019 15:05:51.313 INFO [main] org.apache.jasper.servlet.TldScanner.scanJars At least one JAR was scanned for TLDs yet contained no TLDs. Enable debug logging for this logger for a complete list of JARs that were scanned but no TLDs were found in them. Skipping unneeded JARs during scanning can improve startup time and JSP compilation time.
25-May-2019 15:05:51.469 INFO [main] org.apache.catalina.startup.HostConfig.deployDescriptor Deployment of deployment descriptor [D:\apache-tomcat-9.0.19\conf\Catalina\localhost\QLTV_ver1.xml] has finished in [1,365] ms
25-May-2019 15:05:51.469 INFO [main] org.apache.catalina.startup.HostConfig.deployDirectory Deploying web application directory [D:\apache-tomcat-9.0.19\webapps\docs]
25-May-2019 15:05:51.532 INFO [main] org.apache.catalina.startup.HostConfig.deployDirectory Deployment of web application directory [D:\apache-tomcat-9.0.19\webapps\docs] has finished in [63] ms
25-May-2019 15:05:51.532 INFO [main] org.apache.catalina.startup.HostConfig.deployDirectory Deploying web application directory [D:\apache-tomcat-9.0.19\webapps\examples]
25-May-2019 15:05:52.237 INFO [main] org.apache.catalina.startup.HostConfig.deployDirectory Deployment of web application directory [D:\apache-tomcat-9.0.19\webapps\examples] has finished in [705] ms
25-May-2019 15:05:52.237 INFO [main] org.apache.catalina.startup.HostConfig.deployDirectory Deploying web application directory [D:\apache-tomcat-9.0.19\webapps\host-manager]
25-May-2019 15:05:52.348 INFO [main] org.apache.catalina.startup.HostConfig.deployDirectory Deployment of web application directory [D:\apache-tomcat-9.0.19\webapps\host-manager] has finished in [111] ms
25-May-2019 15:05:52.348 INFO [main] org.apache.catalina.startup.HostConfig.deployDirectory Deploying web application directory [D:\apache-tomcat-9.0.19\webapps\manager]
25-May-2019 15:05:52.379 INFO [main] org.apache.catalina.startup.HostConfig.deployDirectory Deployment of web application directory [D:\apache-tomcat-9.0.19\webapps\manager] has finished in [31] ms
25-May-2019 15:05:52.379 INFO [main] org.apache.catalina.startup.HostConfig.deployDirectory Deploying web application directory [D:\apache-tomcat-9.0.19\webapps\ROOT]
25-May-2019 15:05:52.489 INFO [main] org.apache.catalina.startup.HostConfig.deployDirectory Deployment of web application directory [D:\apache-tomcat-9.0.19\webapps\ROOT] has finished in [110] ms
25-May-2019 15:05:52.504 INFO [main] org.apache.coyote.AbstractProtocol.start Starting ProtocolHandler ["http-nio-8080"]
25-May-2019 15:05:52.535 INFO [main] org.apache.coyote.AbstractProtocol.start Starting ProtocolHandler ["ajp-nio-8009"]
25-May-2019 15:05:52.535 INFO [main] org.apache.catalina.startup.Catalina.start Server startup in [2,567] milliseconds
25-May-2019 15:16:10.651 INFO [http-nio-8080-exec-7] org.apache.catalina.core.StandardContext.reload Reloading Context with name [/QLTV_ver1] has started
25-May-2019 15:16:10.683 WARNING [http-nio-8080-exec-7] org.apache.catalina.loader.WebappClassLoaderBase.clearReferencesJdbc The web application [QLTV_ver1] registered the JDBC driver [com.microsoft.sqlserver.jdbc.SQLServerDriver] but failed to unregister it when the web application was stopped. To prevent a memory leak, the JDBC Driver has been forcibly unregistered.
25-May-2019 15:16:11.735 INFO [http-nio-8080-exec-7] org.apache.jasper.servlet.TldScanner.scanJars At least one JAR was scanned for TLDs yet contained no TLDs. Enable debug logging for this logger for a complete list of JARs that were scanned but no TLDs were found in them. Skipping unneeded JARs during scanning can improve startup time and JSP compilation time.
25-May-2019 15:16:11.760 INFO [http-nio-8080-exec-7] org.apache.catalina.core.StandardContext.reload Reloading Context with name [/QLTV_ver1] is completed
25-May-2019 15:20:01.790 INFO [http-nio-8080-exec-11] org.apache.catalina.core.StandardContext.reload Reloading Context with name [/QLTV_ver1] has started
25-May-2019 15:20:02.162 INFO [http-nio-8080-exec-11] org.apache.jasper.servlet.TldScanner.scanJars At least one JAR was scanned for TLDs yet contained no TLDs. Enable debug logging for this logger for a complete list of JARs that were scanned but no TLDs were found in them. Skipping unneeded JARs during scanning can improve startup time and JSP compilation time.
25-May-2019 15:20:02.185 INFO [http-nio-8080-exec-11] org.apache.catalina.core.StandardContext.reload Reloading Context with name [/QLTV_ver1] is completed
25-May-2019 15:20:21.839 INFO [http-nio-8080-exec-19] org.apache.catalina.core.StandardContext.reload Reloading Context with name [/QLTV_ver1] has started
25-May-2019 15:20:22.153 INFO [http-nio-8080-exec-19] org.apache.jasper.servlet.TldScanner.scanJars At least one JAR was scanned for TLDs yet contained no TLDs. Enable debug logging for this logger for a complete list of JARs that were scanned but no TLDs were found in them. Skipping unneeded JARs during scanning can improve startup time and JSP compilation time.
25-May-2019 15:20:22.169 INFO [http-nio-8080-exec-19] org.apache.catalina.core.StandardContext.reload Reloading Context with name [/QLTV_ver1] is completed
25-May-2019 15:22:14.116 INFO [http-nio-8080-exec-21] org.apache.catalina.core.StandardContext.reload Reloading Context with name [/QLTV_ver1] has started
25-May-2019 15:22:14.116 WARNING [http-nio-8080-exec-21] org.apache.catalina.loader.WebappClassLoaderBase.clearReferencesJdbc The web application [QLTV_ver1] registered the JDBC driver [com.microsoft.sqlserver.jdbc.SQLServerDriver] but failed to unregister it when the web application was stopped. To prevent a memory leak, the JDBC Driver has been forcibly unregistered.
25-May-2019 15:22:14.615 INFO [http-nio-8080-exec-21] org.apache.jasper.servlet.TldScanner.scanJars At least one JAR was scanned for TLDs yet contained no TLDs. Enable debug logging for this logger for a complete list of JARs that were scanned but no TLDs were found in them. Skipping unneeded JARs during scanning can improve startup time and JSP compilation time.
25-May-2019 15:22:14.647 INFO [http-nio-8080-exec-21] org.apache.catalina.core.StandardContext.reload Reloading Context with name [/QLTV_ver1] is completed
25-May-2019 15:22:22.127 INFO [http-nio-8080-exec-29] org.apache.catalina.core.StandardContext.reload Reloading Context with name [/QLTV_ver1] has started
25-May-2019 15:22:22.483 INFO [http-nio-8080-exec-29] org.apache.jasper.servlet.TldScanner.scanJars At least one JAR was scanned for TLDs yet contained no TLDs. Enable debug logging for this logger for a complete list of JARs that were scanned but no TLDs were found in them. Skipping unneeded JARs during scanning can improve startup time and JSP compilation time.
25-May-2019 15:22:22.515 INFO [http-nio-8080-exec-29] org.apache.catalina.core.StandardContext.reload Reloading Context with name [/QLTV_ver1] is completed
25-May-2019 15:22:51.542 INFO [http-nio-8080-exec-32] org.apache.catalina.core.StandardContext.reload Reloading Context with name [/QLTV_ver1] has started
25-May-2019 15:22:51.542 WARNING [http-nio-8080-exec-32] org.apache.catalina.loader.WebappClassLoaderBase.clearReferencesJdbc The web application [QLTV_ver1] registered the JDBC driver [com.microsoft.sqlserver.jdbc.SQLServerDriver] but failed to unregister it when the web application was stopped. To prevent a memory leak, the JDBC Driver has been forcibly unregistered.
25-May-2019 15:22:51.979 INFO [http-nio-8080-exec-32] org.apache.jasper.servlet.TldScanner.scanJars At least one JAR was scanned for TLDs yet contained no TLDs. Enable debug logging for this logger for a complete list of JARs that were scanned but no TLDs were found in them. Skipping unneeded JARs during scanning can improve startup time and JSP compilation time.
25-May-2019 15:22:52.010 INFO [http-nio-8080-exec-32] org.apache.catalina.core.StandardContext.reload Reloading Context with name [/QLTV_ver1] is completed
25-May-2019 15:23:27.858 INFO [http-nio-8080-exec-35] org.apache.catalina.core.StandardContext.reload Reloading Context with name [/QLTV_ver1] has started
25-May-2019 15:23:27.858 WARNING [http-nio-8080-exec-35] org.apache.catalina.loader.WebappClassLoaderBase.clearReferencesJdbc The web application [QLTV_ver1] registered the JDBC driver [com.microsoft.sqlserver.jdbc.SQLServerDriver] but failed to unregister it when the web application was stopped. To prevent a memory leak, the JDBC Driver has been forcibly unregistered.
25-May-2019 15:23:28.248 INFO [http-nio-8080-exec-35] org.apache.jasper.servlet.TldScanner.scanJars At least one JAR was scanned for TLDs yet contained no TLDs. Enable debug logging for this logger for a complete list of JARs that were scanned but no TLDs were found in them. Skipping unneeded JARs during scanning can improve startup time and JSP compilation time.
25-May-2019 15:23:28.279 INFO [http-nio-8080-exec-35] org.apache.catalina.core.StandardContext.reload Reloading Context with name [/QLTV_ver1] is completed
25-May-2019 15:25:23.497 INFO [http-nio-8080-exec-41] org.apache.catalina.core.StandardContext.reload Reloading Context with name [/QLTV_ver1] has started
25-May-2019 15:25:23.513 WARNING [http-nio-8080-exec-41] org.apache.catalina.loader.WebappClassLoaderBase.clearReferencesJdbc The web application [QLTV_ver1] registered the JDBC driver [com.microsoft.sqlserver.jdbc.SQLServerDriver] but failed to unregister it when the web application was stopped. To prevent a memory leak, the JDBC Driver has been forcibly unregistered.
25-May-2019 15:25:23.825 INFO [http-nio-8080-exec-41] org.apache.jasper.servlet.TldScanner.scanJars At least one JAR was scanned for TLDs yet contained no TLDs. Enable debug logging for this logger for a complete list of JARs that were scanned but no TLDs were found in them. Skipping unneeded JARs during scanning can improve startup time and JSP compilation time.
25-May-2019 15:25:23.857 INFO [http-nio-8080-exec-41] org.apache.catalina.core.StandardContext.reload Reloading Context with name [/QLTV_ver1] is completed
25-May-2019 15:48:24.653 WARNING [89] org.apache.catalina.loader.WebappClassLoaderBase.clearReferencesJdbc The web application [QLTV_ver1] registered the JDBC driver [com.microsoft.sqlserver.jdbc.SQLServerDriver] but failed to unregister it when the web application was stopped. To prevent a memory leak, the JDBC Driver has been forcibly unregistered.
25-May-2019 15:48:26.419 INFO [Catalina-utility-2] org.apache.catalina.startup.HostConfig.reload Reloading context [/QLTV_ver1]
25-May-2019 15:48:27.198 INFO [http-nio-8080-exec-48] org.apache.jasper.servlet.TldScanner.scanJars At least one JAR was scanned for TLDs yet contained no TLDs. Enable debug logging for this logger for a complete list of JARs that were scanned but no TLDs were found in them. Skipping unneeded JARs during scanning can improve startup time and JSP compilation time.
25-May-2019 15:48:27.207 INFO [Catalina-utility-2] org.apache.catalina.util.LifecycleBase.start The start() method was called on component [StandardEngine[Catalina].StandardHost[localhost].StandardContext[/QLTV_ver1]] after start() had already been called. The second call will be ignored.
25-May-2019 15:48:27.280 INFO [http-nio-8080-exec-46] org.apache.catalina.core.StandardContext.reload Reloading Context with name [/QLTV_ver1] has started
25-May-2019 15:48:27.659 INFO [http-nio-8080-exec-46] org.apache.jasper.servlet.TldScanner.scanJars At least one JAR was scanned for TLDs yet contained no TLDs. Enable debug logging for this logger for a complete list of JARs that were scanned but no TLDs were found in them. Skipping unneeded JARs during scanning can improve startup time and JSP compilation time.
25-May-2019 15:48:28.065 INFO [http-nio-8080-exec-46] org.apache.catalina.core.StandardContext.reload Reloading Context with name [/QLTV_ver1] is completed
25-May-2019 15:57:51.087 INFO [http-nio-8080-exec-59] org.apache.catalina.core.StandardContext.reload Reloading Context with name [/QLTV_ver1] has started
25-May-2019 15:57:51.774 INFO [http-nio-8080-exec-59] org.apache.jasper.servlet.TldScanner.scanJars At least one JAR was scanned for TLDs yet contained no TLDs. Enable debug logging for this logger for a complete list of JARs that were scanned but no TLDs were found in them. Skipping unneeded JARs during scanning can improve startup time and JSP compilation time.
25-May-2019 15:57:51.805 INFO [http-nio-8080-exec-59] org.apache.catalina.core.StandardContext.reload Reloading Context with name [/QLTV_ver1] is completed
25-May-2019 15:57:52.258 INFO [http-nio-8080-exec-67] org.apache.catalina.core.StandardContext.reload Reloading Context with name [/QLTV_ver1] has started
25-May-2019 15:57:52.508 INFO [http-nio-8080-exec-67] org.apache.jasper.servlet.TldScanner.scanJars At least one JAR was scanned for TLDs yet contained no TLDs. Enable debug logging for this logger for a complete list of JARs that were scanned but no TLDs were found in them. Skipping unneeded JARs during scanning can improve startup time and JSP compilation time.
25-May-2019 15:57:52.571 INFO [http-nio-8080-exec-67] org.apache.catalina.core.StandardContext.reload Reloading Context with name [/QLTV_ver1] is completed
25-May-2019 15:58:09.788 INFO [http-nio-8080-exec-64] org.apache.catalina.core.StandardContext.reload Reloading Context with name [/QLTV_ver1] has started
25-May-2019 15:58:10.147 INFO [http-nio-8080-exec-64] org.apache.jasper.servlet.TldScanner.scanJars At least one JAR was scanned for TLDs yet contained no TLDs. Enable debug logging for this logger for a complete list of JARs that were scanned but no TLDs were found in them. Skipping unneeded JARs during scanning can improve startup time and JSP compilation time.
25-May-2019 15:58:10.163 INFO [http-nio-8080-exec-64] org.apache.catalina.core.StandardContext.reload Reloading Context with name [/QLTV_ver1] is completed
25-May-2019 15:58:27.274 INFO [http-nio-8080-exec-69] org.apache.catalina.core.StandardContext.reload Reloading Context with name [/QLTV_ver1] has started
25-May-2019 15:58:27.602 INFO [http-nio-8080-exec-69] org.apache.jasper.servlet.TldScanner.scanJars At least one JAR was scanned for TLDs yet contained no TLDs. Enable debug logging for this logger for a complete list of JARs that were scanned but no TLDs were found in them. Skipping unneeded JARs during scanning can improve startup time and JSP compilation time.
25-May-2019 15:58:27.617 INFO [http-nio-8080-exec-69] org.apache.catalina.core.StandardContext.reload Reloading Context with name [/QLTV_ver1] is completed
25-May-2019 15:58:27.648 INFO [http-nio-8080-exec-65] org.apache.catalina.core.StandardContext.reload Reloading Context with name [/QLTV_ver1] has started
25-May-2019 15:58:27.930 INFO [http-nio-8080-exec-65] org.apache.jasper.servlet.TldScanner.scanJars At least one JAR was scanned for TLDs yet contained no TLDs. Enable debug logging for this logger for a complete list of JARs that were scanned but no TLDs were found in them. Skipping unneeded JARs during scanning can improve startup time and JSP compilation time.
25-May-2019 15:58:27.945 INFO [http-nio-8080-exec-65] org.apache.catalina.core.StandardContext.reload Reloading Context with name [/QLTV_ver1] is completed
25-May-2019 15:58:43.515 INFO [http-nio-8080-exec-63] org.apache.catalina.core.StandardContext.reload Reloading Context with name [/QLTV_ver1] has started
25-May-2019 15:58:43.983 INFO [http-nio-8080-exec-63] org.apache.jasper.servlet.TldScanner.scanJars At least one JAR was scanned for TLDs yet contained no TLDs. Enable debug logging for this logger for a complete list of JARs that were scanned but no TLDs were found in them. Skipping unneeded JARs during scanning can improve startup time and JSP compilation time.
25-May-2019 15:58:43.999 INFO [http-nio-8080-exec-63] org.apache.catalina.core.StandardContext.reload Reloading Context with name [/QLTV_ver1] is completed
25-May-2019 16:00:14.373 INFO [http-nio-8080-exec-60] org.apache.catalina.core.StandardContext.reload Reloading Context with name [/QLTV_ver1] has started
25-May-2019 16:00:14.607 INFO [http-nio-8080-exec-60] org.apache.jasper.servlet.TldScanner.scanJars At least one JAR was scanned for TLDs yet contained no TLDs. Enable debug logging for this logger for a complete list of JARs that were scanned but no TLDs were found in them. Skipping unneeded JARs during scanning can improve startup time and JSP compilation time.
25-May-2019 16:00:14.623 INFO [http-nio-8080-exec-60] org.apache.catalina.core.StandardContext.reload Reloading Context with name [/QLTV_ver1] is completed
25-May-2019 16:01:29.682 INFO [http-nio-8080-exec-64] org.apache.catalina.core.StandardContext.reload Reloading Context with name [/QLTV_ver1] has started
25-May-2019 16:01:30.010 INFO [http-nio-8080-exec-64] org.apache.jasper.servlet.TldScanner.scanJars At least one JAR was scanned for TLDs yet contained no TLDs. Enable debug logging for this logger for a complete list of JARs that were scanned but no TLDs were found in them. Skipping unneeded JARs during scanning can improve startup time and JSP compilation time.
25-May-2019 16:01:30.026 INFO [http-nio-8080-exec-64] org.apache.catalina.core.StandardContext.reload Reloading Context with name [/QLTV_ver1] is completed
25-May-2019 16:02:18.290 INFO [http-nio-8080-exec-72] org.apache.catalina.core.StandardContext.reload Reloading Context with name [/QLTV_ver1] has started
25-May-2019 16:02:18.587 INFO [http-nio-8080-exec-72] org.apache.jasper.servlet.TldScanner.scanJars At least one JAR was scanned for TLDs yet contained no TLDs. Enable debug logging for this logger for a complete list of JARs that were scanned but no TLDs were found in them. Skipping unneeded JARs during scanning can improve startup time and JSP compilation time.
25-May-2019 16:02:18.587 INFO [http-nio-8080-exec-72] org.apache.catalina.core.StandardContext.reload Reloading Context with name [/QLTV_ver1] is completed
25-May-2019 16:03:19.217 INFO [http-nio-8080-exec-60] org.apache.catalina.core.StandardContext.reload Reloading Context with name [/QLTV_ver1] has started
25-May-2019 16:03:19.499 INFO [http-nio-8080-exec-60] org.apache.jasper.servlet.TldScanner.scanJars At least one JAR was scanned for TLDs yet contained no TLDs. Enable debug logging for this logger for a complete list of JARs that were scanned but no TLDs were found in them. Skipping unneeded JARs during scanning can improve startup time and JSP compilation time.
25-May-2019 16:03:19.499 INFO [http-nio-8080-exec-60] org.apache.catalina.core.StandardContext.reload Reloading Context with name [/QLTV_ver1] is completed
25-May-2019 16:05:55.305 INFO [http-nio-8080-exec-88] org.apache.catalina.core.StandardContext.reload Reloading Context with name [/QLTV_ver1] has started
25-May-2019 16:05:55.305 WARNING [http-nio-8080-exec-88] org.apache.catalina.loader.WebappClassLoaderBase.clearReferencesJdbc The web application [QLTV_ver1] registered the JDBC driver [com.microsoft.sqlserver.jdbc.SQLServerDriver] but failed to unregister it when the web application was stopped. To prevent a memory leak, the JDBC Driver has been forcibly unregistered.
25-May-2019 16:05:55.617 INFO [http-nio-8080-exec-88] org.apache.jasper.servlet.TldScanner.scanJars At least one JAR was scanned for TLDs yet contained no TLDs. Enable debug logging for this logger for a complete list of JARs that were scanned but no TLDs were found in them. Skipping unneeded JARs during scanning can improve startup time and JSP compilation time.
25-May-2019 16:05:55.633 INFO [http-nio-8080-exec-88] org.apache.catalina.core.StandardContext.reload Reloading Context with name [/QLTV_ver1] is completed
25-May-2019 16:06:50.821 INFO [http-nio-8080-exec-92] org.apache.catalina.core.StandardContext.reload Reloading Context with name [/QLTV_ver1] has started
25-May-2019 16:06:50.821 WARNING [http-nio-8080-exec-92] org.apache.catalina.loader.WebappClassLoaderBase.clearReferencesJdbc The web application [QLTV_ver1] registered the JDBC driver [com.microsoft.sqlserver.jdbc.SQLServerDriver] but failed to unregister it when the web application was stopped. To prevent a memory leak, the JDBC Driver has been forcibly unregistered.
25-May-2019 16:06:51.118 INFO [http-nio-8080-exec-92] org.apache.jasper.servlet.TldScanner.scanJars At least one JAR was scanned for TLDs yet contained no TLDs. Enable debug logging for this logger for a complete list of JARs that were scanned but no TLDs were found in them. Skipping unneeded JARs during scanning can improve startup time and JSP compilation time.
25-May-2019 16:06:51.134 INFO [http-nio-8080-exec-92] org.apache.catalina.core.StandardContext.reload Reloading Context with name [/QLTV_ver1] is completed
25-May-2019 16:07:45.380 INFO [http-nio-8080-exec-98] org.apache.catalina.core.StandardContext.reload Reloading Context with name [/QLTV_ver1] has started
25-May-2019 16:07:45.396 WARNING [http-nio-8080-exec-98] org.apache.catalina.loader.WebappClassLoaderBase.clearReferencesJdbc The web application [QLTV_ver1] registered the JDBC driver [com.microsoft.sqlserver.jdbc.SQLServerDriver] but failed to unregister it when the web application was stopped. To prevent a memory leak, the JDBC Driver has been forcibly unregistered.
25-May-2019 16:07:45.677 INFO [http-nio-8080-exec-98] org.apache.jasper.servlet.TldScanner.scanJars At least one JAR was scanned for TLDs yet contained no TLDs. Enable debug logging for this logger for a complete list of JARs that were scanned but no TLDs were found in them. Skipping unneeded JARs during scanning can improve startup time and JSP compilation time.
25-May-2019 16:07:45.693 INFO [http-nio-8080-exec-98] org.apache.catalina.core.StandardContext.reload Reloading Context with name [/QLTV_ver1] is completed
25-May-2019 16:23:51.559 INFO [http-nio-8080-exec-102] org.apache.catalina.core.StandardContext.reload Reloading Context with name [/QLTV_ver1] has started
25-May-2019 16:23:51.559 WARNING [http-nio-8080-exec-102] org.apache.catalina.loader.WebappClassLoaderBase.clearReferencesJdbc The web application [QLTV_ver1] registered the JDBC driver [com.microsoft.sqlserver.jdbc.SQLServerDriver] but failed to unregister it when the web application was stopped. To prevent a memory leak, the JDBC Driver has been forcibly unregistered.
25-May-2019 16:23:51.872 INFO [http-nio-8080-exec-102] org.apache.jasper.servlet.TldScanner.scanJars At least one JAR was scanned for TLDs yet contained no TLDs. Enable debug logging for this logger for a complete list of JARs that were scanned but no TLDs were found in them. Skipping unneeded JARs during scanning can improve startup time and JSP compilation time.
25-May-2019 16:23:51.887 INFO [http-nio-8080-exec-102] org.apache.catalina.core.StandardContext.reload Reloading Context with name [/QLTV_ver1] is completed
25-May-2019 16:31:07.182 INFO [http-nio-8080-exec-115] org.apache.catalina.core.StandardContext.reload Reloading Context with name [/QLTV_ver1] has started
25-May-2019 16:31:07.182 WARNING [http-nio-8080-exec-115] org.apache.catalina.loader.WebappClassLoaderBase.clearReferencesJdbc The web application [QLTV_ver1] registered the JDBC driver [com.microsoft.sqlserver.jdbc.SQLServerDriver] but failed to unregister it when the web application was stopped. To prevent a memory leak, the JDBC Driver has been forcibly unregistered.
25-May-2019 16:31:07.479 INFO [http-nio-8080-exec-115] org.apache.jasper.servlet.TldScanner.scanJars At least one JAR was scanned for TLDs yet contained no TLDs. Enable debug logging for this logger for a complete list of JARs that were scanned but no TLDs were found in them. Skipping unneeded JARs during scanning can improve startup time and JSP compilation time.
25-May-2019 16:31:07.495 INFO [http-nio-8080-exec-115] org.apache.catalina.core.StandardContext.reload Reloading Context with name [/QLTV_ver1] is completed
25-May-2019 16:31:29.716 INFO [http-nio-8080-exec-113] org.apache.catalina.core.StandardContext.reload Reloading Context with name [/QLTV_ver1] has started
25-May-2019 16:31:29.981 INFO [http-nio-8080-exec-113] org.apache.jasper.servlet.TldScanner.scanJars At least one JAR was scanned for TLDs yet contained no TLDs. Enable debug logging for this logger for a complete list of JARs that were scanned but no TLDs were found in them. Skipping unneeded JARs during scanning can improve startup time and JSP compilation time.
25-May-2019 16:31:29.997 INFO [http-nio-8080-exec-113] org.apache.catalina.core.StandardContext.reload Reloading Context with name [/QLTV_ver1] is completed
25-May-2019 16:35:10.753 INFO [http-nio-8080-exec-129] org.apache.catalina.core.StandardContext.reload Reloading Context with name [/QLTV_ver1] has started
25-May-2019 16:35:10.753 WARNING [http-nio-8080-exec-129] org.apache.catalina.loader.WebappClassLoaderBase.clearReferencesJdbc The web application [QLTV_ver1] registered the JDBC driver [com.microsoft.sqlserver.jdbc.SQLServerDriver] but failed to unregister it when the web application was stopped. To prevent a memory leak, the JDBC Driver has been forcibly unregistered.
25-May-2019 16:35:11.003 INFO [http-nio-8080-exec-129] org.apache.jasper.servlet.TldScanner.scanJars At least one JAR was scanned for TLDs yet contained no TLDs. Enable debug logging for this logger for a complete list of JARs that were scanned but no TLDs were found in them. Skipping unneeded JARs during scanning can improve startup time and JSP compilation time.
25-May-2019 16:35:11.019 INFO [210] org.apache.catalina.core.StandardContext.reload Reloading Context with name [/QLTV_ver1] is completed
25-May-2019 16:42:21.026 INFO [http-nio-8080-exec-138] org.apache.catalina.core.StandardContext.reload Reloading Context with name [/QLTV_ver1] has started
25-May-2019 16:42:21.034 WARNING [http-nio-8080-exec-138] org.apache.catalina.loader.WebappClassLoaderBase.clearReferencesJdbc The web application [QLTV_ver1] registered the JDBC driver [com.microsoft.sqlserver.jdbc.SQLServerDriver] but failed to unregister it when the web application was stopped. To prevent a memory leak, the JDBC Driver has been forcibly unregistered.
25-May-2019 16:42:21.359 INFO [http-nio-8080-exec-138] org.apache.jasper.servlet.TldScanner.scanJars At least one JAR was scanned for TLDs yet contained no TLDs. Enable debug logging for this logger for a complete list of JARs that were scanned but no TLDs were found in them. Skipping unneeded JARs during scanning can improve startup time and JSP compilation time.
25-May-2019 16:42:21.371 INFO [http-nio-8080-exec-138] org.apache.catalina.core.StandardContext.reload Reloading Context with name [/QLTV_ver1] is completed
25-May-2019 16:49:02.453 INFO [main] org.apache.catalina.core.StandardServer.await A valid shutdown command was received via the shutdown port. Stopping the Server instance.
25-May-2019 16:49:02.536 INFO [main] org.apache.coyote.AbstractProtocol.pause Pausing ProtocolHandler ["http-nio-8080"]
25-May-2019 16:49:03.011 INFO [main] org.apache.coyote.AbstractProtocol.pause Pausing ProtocolHandler ["ajp-nio-8009"]
25-May-2019 16:49:03.204 INFO [main] org.apache.catalina.core.StandardService.stopInternal Stopping service [Catalina]
25-May-2019 16:49:03.679 WARNING [main] org.apache.catalina.loader.WebappClassLoaderBase.clearReferencesJdbc The web application [QLTV_ver1] registered the JDBC driver [com.microsoft.sqlserver.jdbc.SQLServerDriver] but failed to unregister it when the web application was stopped. To prevent a memory leak, the JDBC Driver has been forcibly unregistered.
25-May-2019 16:49:03.756 INFO [main] org.apache.coyote.AbstractProtocol.stop Stopping ProtocolHandler ["http-nio-8080"]
25-May-2019 16:49:03.903 INFO [main] org.apache.coyote.AbstractProtocol.stop Stopping ProtocolHandler ["ajp-nio-8009"]
25-May-2019 16:49:03.968 INFO [main] org.apache.coyote.AbstractProtocol.destroy Destroying ProtocolHandler ["http-nio-8080"]
25-May-2019 16:49:03.978 INFO [main] org.apache.coyote.AbstractProtocol.destroy Destroying ProtocolHandler ["ajp-nio-8009"]
