23-May-2019 23:02:10.109 INFO [main] org.apache.catalina.startup.VersionLoggerListener.log Server version name:   Apache Tomcat/9.0.19
23-May-2019 23:02:10.112 INFO [main] org.apache.catalina.startup.VersionLoggerListener.log Server built:          Apr 12 2019 14:22:48 UTC
23-May-2019 23:02:10.115 INFO [main] org.apache.catalina.startup.VersionLoggerListener.log Server version number: 9.0.19.0
23-May-2019 23:02:10.115 INFO [main] org.apache.catalina.startup.VersionLoggerListener.log OS Name:               Windows 10
23-May-2019 23:02:10.115 INFO [main] org.apache.catalina.startup.VersionLoggerListener.log OS Version:            10.0
23-May-2019 23:02:10.115 INFO [main] org.apache.catalina.startup.VersionLoggerListener.log Architecture:          amd64
23-May-2019 23:02:10.115 INFO [main] org.apache.catalina.startup.VersionLoggerListener.log Java Home:             D:\Java\jdk1.8.0_201\jre
23-May-2019 23:02:10.115 INFO [main] org.apache.catalina.startup.VersionLoggerListener.log JVM Version:           1.8.0_201-b09
23-May-2019 23:02:10.115 INFO [main] org.apache.catalina.startup.VersionLoggerListener.log JVM Vendor:            Oracle Corporation
23-May-2019 23:02:10.115 INFO [main] org.apache.catalina.startup.VersionLoggerListener.log CATALINA_BASE:         D:\apache-tomcat-9.0.19
23-May-2019 23:02:10.115 INFO [main] org.apache.catalina.startup.VersionLoggerListener.log CATALINA_HOME:         D:\apache-tomcat-9.0.19
23-May-2019 23:02:10.116 INFO [main] org.apache.catalina.startup.VersionLoggerListener.log Command line argument: -Djava.util.logging.config.file=D:\apache-tomcat-9.0.19\conf\logging.properties
23-May-2019 23:02:10.116 INFO [main] org.apache.catalina.startup.VersionLoggerListener.log Command line argument: -Djava.util.logging.manager=org.apache.juli.ClassLoaderLogManager
23-May-2019 23:02:10.116 INFO [main] org.apache.catalina.startup.VersionLoggerListener.log Command line argument: -Dhttp.nonProxyHosts=localhost|127.0.0.1|ThaiNguyen-PC
23-May-2019 23:02:10.116 INFO [main] org.apache.catalina.startup.VersionLoggerListener.log Command line argument: -Djdk.tls.ephemeralDHKeySize=2048
23-May-2019 23:02:10.116 INFO [main] org.apache.catalina.startup.VersionLoggerListener.log Command line argument: -Djava.protocol.handler.pkgs=org.apache.catalina.webresources
23-May-2019 23:02:10.116 INFO [main] org.apache.catalina.startup.VersionLoggerListener.log Command line argument: -Dignore.endorsed.dirs=
23-May-2019 23:02:10.116 INFO [main] org.apache.catalina.startup.VersionLoggerListener.log Command line argument: -Dcatalina.base=D:\apache-tomcat-9.0.19
23-May-2019 23:02:10.116 INFO [main] org.apache.catalina.startup.VersionLoggerListener.log Command line argument: -Dcatalina.home=D:\apache-tomcat-9.0.19
23-May-2019 23:02:10.116 INFO [main] org.apache.catalina.startup.VersionLoggerListener.log Command line argument: -Djava.io.tmpdir=D:\apache-tomcat-9.0.19\temp
23-May-2019 23:02:10.116 INFO [main] org.apache.catalina.core.AprLifecycleListener.lifecycleEvent Loaded APR based Apache Tomcat Native library [1.2.21] using APR version [1.6.5].
23-May-2019 23:02:10.116 INFO [main] org.apache.catalina.core.AprLifecycleListener.lifecycleEvent APR capabilities: IPv6 [true], sendfile [true], accept filters [false], random [true].
23-May-2019 23:02:10.116 INFO [main] org.apache.catalina.core.AprLifecycleListener.lifecycleEvent APR/OpenSSL configuration: useAprConnector [false], useOpenSSL [true]
23-May-2019 23:02:10.232 INFO [main] org.apache.catalina.core.AprLifecycleListener.initializeSSL OpenSSL successfully initialized [OpenSSL 1.1.1a  20 Nov 2018]
23-May-2019 23:02:19.653 INFO [main] org.apache.coyote.AbstractProtocol.init Initializing ProtocolHandler ["http-nio-8080"]
23-May-2019 23:02:20.584 INFO [main] org.apache.coyote.AbstractProtocol.init Initializing ProtocolHandler ["ajp-nio-8009"]
23-May-2019 23:02:20.587 INFO [main] org.apache.catalina.startup.Catalina.load Server initialization in [11,869] milliseconds
23-May-2019 23:02:20.916 INFO [main] org.apache.catalina.core.StandardService.startInternal Starting service [Catalina]
23-May-2019 23:02:20.916 INFO [main] org.apache.catalina.core.StandardEngine.startInternal Starting Servlet engine: [Apache Tomcat/9.0.19]
23-May-2019 23:02:20.959 INFO [main] org.apache.catalina.startup.HostConfig.deployDescriptor Deploying deployment descriptor [D:\apache-tomcat-9.0.19\conf\Catalina\localhost\QLTV_ver1.xml]
23-May-2019 23:02:21.022 WARNING [main] org.apache.catalina.startup.HostConfig.deployDescriptor The path attribute with value [/QLTV_ver1] in deployment descriptor [D:\apache-tomcat-9.0.19\conf\Catalina\localhost\QLTV_ver1.xml] has been ignored
23-May-2019 23:02:23.147 INFO [main] org.apache.jasper.servlet.TldScanner.scanJars At least one JAR was scanned for TLDs yet contained no TLDs. Enable debug logging for this logger for a complete list of JARs that were scanned but no TLDs were found in them. Skipping unneeded JARs during scanning can improve startup time and JSP compilation time.
23-May-2019 23:02:23.339 INFO [main] org.apache.catalina.startup.HostConfig.deployDescriptor Deployment of deployment descriptor [D:\apache-tomcat-9.0.19\conf\Catalina\localhost\QLTV_ver1.xml] has finished in [2,379] ms
23-May-2019 23:02:23.339 INFO [main] org.apache.catalina.startup.HostConfig.deployDirectory Deploying web application directory [D:\apache-tomcat-9.0.19\webapps\docs]
23-May-2019 23:02:23.394 INFO [main] org.apache.catalina.startup.HostConfig.deployDirectory Deployment of web application directory [D:\apache-tomcat-9.0.19\webapps\docs] has finished in [55] ms
23-May-2019 23:02:23.394 INFO [main] org.apache.catalina.startup.HostConfig.deployDirectory Deploying web application directory [D:\apache-tomcat-9.0.19\webapps\examples]
23-May-2019 23:02:24.429 INFO [main] org.apache.catalina.startup.HostConfig.deployDirectory Deployment of web application directory [D:\apache-tomcat-9.0.19\webapps\examples] has finished in [1,034] ms
23-May-2019 23:02:24.430 INFO [main] org.apache.catalina.startup.HostConfig.deployDirectory Deploying web application directory [D:\apache-tomcat-9.0.19\webapps\host-manager]
23-May-2019 23:02:24.567 INFO [main] org.apache.catalina.startup.HostConfig.deployDirectory Deployment of web application directory [D:\apache-tomcat-9.0.19\webapps\host-manager] has finished in [137] ms
23-May-2019 23:02:24.567 INFO [main] org.apache.catalina.startup.HostConfig.deployDirectory Deploying web application directory [D:\apache-tomcat-9.0.19\webapps\manager]
23-May-2019 23:02:24.623 INFO [main] org.apache.catalina.startup.HostConfig.deployDirectory Deployment of web application directory [D:\apache-tomcat-9.0.19\webapps\manager] has finished in [56] ms
23-May-2019 23:02:24.624 INFO [main] org.apache.catalina.startup.HostConfig.deployDirectory Deploying web application directory [D:\apache-tomcat-9.0.19\webapps\ROOT]
23-May-2019 23:02:24.694 INFO [main] org.apache.catalina.startup.HostConfig.deployDirectory Deployment of web application directory [D:\apache-tomcat-9.0.19\webapps\ROOT] has finished in [71] ms
23-May-2019 23:02:24.700 INFO [main] org.apache.coyote.AbstractProtocol.start Starting ProtocolHandler ["http-nio-8080"]
23-May-2019 23:02:24.719 INFO [main] org.apache.coyote.AbstractProtocol.start Starting ProtocolHandler ["ajp-nio-8009"]
23-May-2019 23:02:24.724 INFO [main] org.apache.catalina.startup.Catalina.start Server startup in [4,135] milliseconds
23-May-2019 23:05:41.880 INFO [main] org.apache.catalina.core.StandardServer.await A valid shutdown command was received via the shutdown port. Stopping the Server instance.
23-May-2019 23:05:41.881 INFO [main] org.apache.coyote.AbstractProtocol.pause Pausing ProtocolHandler ["http-nio-8080"]
23-May-2019 23:05:42.052 INFO [main] org.apache.coyote.AbstractProtocol.pause Pausing ProtocolHandler ["ajp-nio-8009"]
23-May-2019 23:05:42.209 INFO [main] org.apache.catalina.core.StandardService.stopInternal Stopping service [Catalina]
23-May-2019 23:05:42.287 WARNING [main] org.apache.catalina.loader.WebappClassLoaderBase.clearReferencesJdbc The web application [QLTV_ver1] registered the JDBC driver [com.microsoft.sqlserver.jdbc.SQLServerDriver] but failed to unregister it when the web application was stopped. To prevent a memory leak, the JDBC Driver has been forcibly unregistered.
23-May-2019 23:05:42.295 INFO [main] org.apache.coyote.AbstractProtocol.stop Stopping ProtocolHandler ["http-nio-8080"]
23-May-2019 23:05:42.297 INFO [main] org.apache.coyote.AbstractProtocol.stop Stopping ProtocolHandler ["ajp-nio-8009"]
23-May-2019 23:05:42.305 INFO [main] org.apache.coyote.AbstractProtocol.destroy Destroying ProtocolHandler ["http-nio-8080"]
23-May-2019 23:05:42.307 INFO [main] org.apache.coyote.AbstractProtocol.destroy Destroying ProtocolHandler ["ajp-nio-8009"]
