21-May-2019 14:07:22.622 INFO [main] org.apache.catalina.startup.VersionLoggerListener.log Server version name:   Apache Tomcat/9.0.19
21-May-2019 14:07:22.638 INFO [main] org.apache.catalina.startup.VersionLoggerListener.log Server built:          Apr 12 2019 14:22:48 UTC
21-May-2019 14:07:22.642 INFO [main] org.apache.catalina.startup.VersionLoggerListener.log Server version number: 9.0.19.0
21-May-2019 14:07:22.642 INFO [main] org.apache.catalina.startup.VersionLoggerListener.log OS Name:               Windows 10
21-May-2019 14:07:22.642 INFO [main] org.apache.catalina.startup.VersionLoggerListener.log OS Version:            10.0
21-May-2019 14:07:22.643 INFO [main] org.apache.catalina.startup.VersionLoggerListener.log Architecture:          amd64
21-May-2019 14:07:22.643 INFO [main] org.apache.catalina.startup.VersionLoggerListener.log Java Home:             D:\Java\jdk1.8.0_201\jre
21-May-2019 14:07:22.643 INFO [main] org.apache.catalina.startup.VersionLoggerListener.log JVM Version:           1.8.0_201-b09
21-May-2019 14:07:22.643 INFO [main] org.apache.catalina.startup.VersionLoggerListener.log JVM Vendor:            Oracle Corporation
21-May-2019 14:07:22.643 INFO [main] org.apache.catalina.startup.VersionLoggerListener.log CATALINA_BASE:         D:\apache-tomcat-9.0.19
21-May-2019 14:07:22.643 INFO [main] org.apache.catalina.startup.VersionLoggerListener.log CATALINA_HOME:         D:\apache-tomcat-9.0.19
21-May-2019 14:07:22.644 INFO [main] org.apache.catalina.startup.VersionLoggerListener.log Command line argument: -Djava.util.logging.config.file=D:\apache-tomcat-9.0.19\conf\logging.properties
21-May-2019 14:07:22.644 INFO [main] org.apache.catalina.startup.VersionLoggerListener.log Command line argument: -Djava.util.logging.manager=org.apache.juli.ClassLoaderLogManager
21-May-2019 14:07:22.644 INFO [main] org.apache.catalina.startup.VersionLoggerListener.log Command line argument: -Dhttp.nonProxyHosts=localhost|127.0.0.1|ThaiNguyen-PC
21-May-2019 14:07:22.644 INFO [main] org.apache.catalina.startup.VersionLoggerListener.log Command line argument: -Djdk.tls.ephemeralDHKeySize=2048
21-May-2019 14:07:22.644 INFO [main] org.apache.catalina.startup.VersionLoggerListener.log Command line argument: -Djava.protocol.handler.pkgs=org.apache.catalina.webresources
21-May-2019 14:07:22.644 INFO [main] org.apache.catalina.startup.VersionLoggerListener.log Command line argument: -Dignore.endorsed.dirs=
21-May-2019 14:07:22.644 INFO [main] org.apache.catalina.startup.VersionLoggerListener.log Command line argument: -Dcatalina.base=D:\apache-tomcat-9.0.19
21-May-2019 14:07:22.644 INFO [main] org.apache.catalina.startup.VersionLoggerListener.log Command line argument: -Dcatalina.home=D:\apache-tomcat-9.0.19
21-May-2019 14:07:22.645 INFO [main] org.apache.catalina.startup.VersionLoggerListener.log Command line argument: -Djava.io.tmpdir=D:\apache-tomcat-9.0.19\temp
21-May-2019 14:07:22.645 INFO [main] org.apache.catalina.core.AprLifecycleListener.lifecycleEvent Loaded APR based Apache Tomcat Native library [1.2.21] using APR version [1.6.5].
21-May-2019 14:07:22.645 INFO [main] org.apache.catalina.core.AprLifecycleListener.lifecycleEvent APR capabilities: IPv6 [true], sendfile [true], accept filters [false], random [true].
21-May-2019 14:07:22.645 INFO [main] org.apache.catalina.core.AprLifecycleListener.lifecycleEvent APR/OpenSSL configuration: useAprConnector [false], useOpenSSL [true]
21-May-2019 14:07:22.913 INFO [main] org.apache.catalina.core.AprLifecycleListener.initializeSSL OpenSSL successfully initialized [OpenSSL 1.1.1a  20 Nov 2018]
21-May-2019 14:07:24.165 INFO [main] org.apache.coyote.AbstractProtocol.init Initializing ProtocolHandler ["http-nio-8080"]
21-May-2019 14:07:24.813 INFO [main] org.apache.coyote.AbstractProtocol.init Initializing ProtocolHandler ["ajp-nio-8009"]
21-May-2019 14:07:24.817 INFO [main] org.apache.catalina.startup.Catalina.load Server initialization in [4,585] milliseconds
21-May-2019 14:07:24.994 INFO [main] org.apache.catalina.core.StandardService.startInternal Starting service [Catalina]
21-May-2019 14:07:24.994 INFO [main] org.apache.catalina.core.StandardEngine.startInternal Starting Servlet engine: [Apache Tomcat/9.0.19]
21-May-2019 14:07:25.003 INFO [main] org.apache.catalina.startup.HostConfig.deployDescriptor Deploying deployment descriptor [D:\apache-tomcat-9.0.19\conf\Catalina\localhost\QLTV_ver1.xml]
21-May-2019 14:07:25.089 WARNING [main] org.apache.catalina.startup.HostConfig.deployDescriptor The path attribute with value [/QLTV_ver1] in deployment descriptor [D:\apache-tomcat-9.0.19\conf\Catalina\localhost\QLTV_ver1.xml] has been ignored
21-May-2019 14:07:27.591 INFO [main] org.apache.jasper.servlet.TldScanner.scanJars At least one JAR was scanned for TLDs yet contained no TLDs. Enable debug logging for this logger for a complete list of JARs that were scanned but no TLDs were found in them. Skipping unneeded JARs during scanning can improve startup time and JSP compilation time.
21-May-2019 14:07:27.848 INFO [main] org.apache.catalina.startup.HostConfig.deployDescriptor Deployment of deployment descriptor [D:\apache-tomcat-9.0.19\conf\Catalina\localhost\QLTV_ver1.xml] has finished in [2,846] ms
21-May-2019 14:07:27.849 INFO [main] org.apache.catalina.startup.HostConfig.deployDirectory Deploying web application directory [D:\apache-tomcat-9.0.19\webapps\docs]
21-May-2019 14:07:27.949 INFO [main] org.apache.catalina.startup.HostConfig.deployDirectory Deployment of web application directory [D:\apache-tomcat-9.0.19\webapps\docs] has finished in [100] ms
21-May-2019 14:07:27.949 INFO [main] org.apache.catalina.startup.HostConfig.deployDirectory Deploying web application directory [D:\apache-tomcat-9.0.19\webapps\examples]
21-May-2019 14:07:28.888 INFO [main] org.apache.catalina.startup.HostConfig.deployDirectory Deployment of web application directory [D:\apache-tomcat-9.0.19\webapps\examples] has finished in [939] ms
21-May-2019 14:07:28.896 INFO [main] org.apache.catalina.startup.HostConfig.deployDirectory Deploying web application directory [D:\apache-tomcat-9.0.19\webapps\host-manager]
21-May-2019 14:07:29.020 INFO [main] org.apache.catalina.startup.HostConfig.deployDirectory Deployment of web application directory [D:\apache-tomcat-9.0.19\webapps\host-manager] has finished in [124] ms
21-May-2019 14:07:29.021 INFO [main] org.apache.catalina.startup.HostConfig.deployDirectory Deploying web application directory [D:\apache-tomcat-9.0.19\webapps\manager]
21-May-2019 14:07:29.106 INFO [main] org.apache.catalina.startup.HostConfig.deployDirectory Deployment of web application directory [D:\apache-tomcat-9.0.19\webapps\manager] has finished in [84] ms
21-May-2019 14:07:29.106 INFO [main] org.apache.catalina.startup.HostConfig.deployDirectory Deploying web application directory [D:\apache-tomcat-9.0.19\webapps\ROOT]
21-May-2019 14:07:29.209 INFO [main] org.apache.catalina.startup.HostConfig.deployDirectory Deployment of web application directory [D:\apache-tomcat-9.0.19\webapps\ROOT] has finished in [103] ms
21-May-2019 14:07:29.223 INFO [main] org.apache.coyote.AbstractProtocol.start Starting ProtocolHandler ["http-nio-8080"]
21-May-2019 14:07:29.281 INFO [main] org.apache.coyote.AbstractProtocol.start Starting ProtocolHandler ["ajp-nio-8009"]
21-May-2019 14:07:29.292 INFO [main] org.apache.catalina.startup.Catalina.start Server startup in [4,474] milliseconds
21-May-2019 14:08:02.137 INFO [http-nio-8080-exec-9] org.apache.catalina.core.StandardContext.reload Reloading Context with name [/QLTV_ver1] has started
21-May-2019 14:08:03.629 INFO [http-nio-8080-exec-9] org.apache.jasper.servlet.TldScanner.scanJars At least one JAR was scanned for TLDs yet contained no TLDs. Enable debug logging for this logger for a complete list of JARs that were scanned but no TLDs were found in them. Skipping unneeded JARs during scanning can improve startup time and JSP compilation time.
21-May-2019 14:08:03.667 INFO [http-nio-8080-exec-9] org.apache.catalina.core.StandardContext.reload Reloading Context with name [/QLTV_ver1] is completed
21-May-2019 14:38:05.866 INFO [http-nio-8080-exec-18] org.apache.catalina.core.StandardContext.reload Reloading Context with name [/QLTV_ver1] has started
21-May-2019 14:38:05.915 WARNING [http-nio-8080-exec-18] org.apache.catalina.loader.WebappClassLoaderBase.clearReferencesJdbc The web application [QLTV_ver1] registered the JDBC driver [com.microsoft.sqlserver.jdbc.SQLServerDriver] but failed to unregister it when the web application was stopped. To prevent a memory leak, the JDBC Driver has been forcibly unregistered.
21-May-2019 14:38:07.232 INFO [http-nio-8080-exec-18] org.apache.jasper.servlet.TldScanner.scanJars At least one JAR was scanned for TLDs yet contained no TLDs. Enable debug logging for this logger for a complete list of JARs that were scanned but no TLDs were found in them. Skipping unneeded JARs during scanning can improve startup time and JSP compilation time.
21-May-2019 14:38:07.283 INFO [http-nio-8080-exec-18] org.apache.catalina.core.StandardContext.reload Reloading Context with name [/QLTV_ver1] is completed
21-May-2019 14:39:26.941 INFO [http-nio-8080-exec-24] org.apache.catalina.core.StandardContext.reload Reloading Context with name [/QLTV_ver1] has started
21-May-2019 14:39:26.957 WARNING [http-nio-8080-exec-24] org.apache.catalina.loader.WebappClassLoaderBase.clearReferencesJdbc The web application [QLTV_ver1] registered the JDBC driver [com.microsoft.sqlserver.jdbc.SQLServerDriver] but failed to unregister it when the web application was stopped. To prevent a memory leak, the JDBC Driver has been forcibly unregistered.
21-May-2019 14:39:27.389 INFO [http-nio-8080-exec-24] org.apache.jasper.servlet.TldScanner.scanJars At least one JAR was scanned for TLDs yet contained no TLDs. Enable debug logging for this logger for a complete list of JARs that were scanned but no TLDs were found in them. Skipping unneeded JARs during scanning can improve startup time and JSP compilation time.
21-May-2019 14:39:27.436 INFO [http-nio-8080-exec-24] org.apache.catalina.core.StandardContext.reload Reloading Context with name [/QLTV_ver1] is completed
21-May-2019 14:41:02.974 INFO [http-nio-8080-exec-30] org.apache.catalina.core.StandardContext.reload Reloading Context with name [/QLTV_ver1] has started
21-May-2019 14:41:02.989 WARNING [http-nio-8080-exec-30] org.apache.catalina.loader.WebappClassLoaderBase.clearReferencesJdbc The web application [QLTV_ver1] registered the JDBC driver [com.microsoft.sqlserver.jdbc.SQLServerDriver] but failed to unregister it when the web application was stopped. To prevent a memory leak, the JDBC Driver has been forcibly unregistered.
21-May-2019 14:41:03.317 INFO [http-nio-8080-exec-30] org.apache.jasper.servlet.TldScanner.scanJars At least one JAR was scanned for TLDs yet contained no TLDs. Enable debug logging for this logger for a complete list of JARs that were scanned but no TLDs were found in them. Skipping unneeded JARs during scanning can improve startup time and JSP compilation time.
21-May-2019 14:41:03.349 INFO [http-nio-8080-exec-30] org.apache.catalina.core.StandardContext.reload Reloading Context with name [/QLTV_ver1] is completed
21-May-2019 14:41:19.655 INFO [http-nio-8080-exec-39] org.apache.catalina.core.StandardContext.reload Reloading Context with name [/QLTV_ver1] has started
21-May-2019 14:41:19.936 INFO [http-nio-8080-exec-39] org.apache.jasper.servlet.TldScanner.scanJars At least one JAR was scanned for TLDs yet contained no TLDs. Enable debug logging for this logger for a complete list of JARs that were scanned but no TLDs were found in them. Skipping unneeded JARs during scanning can improve startup time and JSP compilation time.
21-May-2019 14:41:19.952 INFO [http-nio-8080-exec-39] org.apache.catalina.core.StandardContext.reload Reloading Context with name [/QLTV_ver1] is completed
21-May-2019 14:41:57.531 INFO [http-nio-8080-exec-43] org.apache.jasper.servlet.TldScanner.scanJars At least one JAR was scanned for TLDs yet contained no TLDs. Enable debug logging for this logger for a complete list of JARs that were scanned but no TLDs were found in them. Skipping unneeded JARs during scanning can improve startup time and JSP compilation time.
21-May-2019 14:42:03.016 INFO [Catalina-utility-1] org.apache.catalina.startup.HostConfig.reload Reloading context [/QLTV_ver1]
21-May-2019 14:42:03.016 INFO [Catalina-utility-1] org.apache.catalina.core.StandardContext.reload Reloading Context with name [/QLTV_ver1] has started
21-May-2019 14:42:03.286 INFO [Catalina-utility-1] org.apache.jasper.servlet.TldScanner.scanJars At least one JAR was scanned for TLDs yet contained no TLDs. Enable debug logging for this logger for a complete list of JARs that were scanned but no TLDs were found in them. Skipping unneeded JARs during scanning can improve startup time and JSP compilation time.
21-May-2019 14:42:03.302 INFO [Catalina-utility-1] org.apache.catalina.core.StandardContext.reload Reloading Context with name [/QLTV_ver1] is completed
21-May-2019 14:43:16.739 INFO [http-nio-8080-exec-42] org.apache.jasper.servlet.TldScanner.scanJars At least one JAR was scanned for TLDs yet contained no TLDs. Enable debug logging for this logger for a complete list of JARs that were scanned but no TLDs were found in them. Skipping unneeded JARs during scanning can improve startup time and JSP compilation time.
21-May-2019 14:43:17.243 INFO [http-nio-8080-exec-38] org.apache.catalina.core.StandardContext.reload Reloading Context with name [/QLTV_ver1] has started
21-May-2019 14:43:17.542 INFO [http-nio-8080-exec-38] org.apache.jasper.servlet.TldScanner.scanJars At least one JAR was scanned for TLDs yet contained no TLDs. Enable debug logging for this logger for a complete list of JARs that were scanned but no TLDs were found in them. Skipping unneeded JARs during scanning can improve startup time and JSP compilation time.
21-May-2019 14:43:17.552 INFO [http-nio-8080-exec-38] org.apache.catalina.core.StandardContext.reload Reloading Context with name [/QLTV_ver1] is completed
21-May-2019 14:43:23.455 INFO [Catalina-utility-1] org.apache.catalina.startup.HostConfig.reload Reloading context [/QLTV_ver1]
21-May-2019 14:43:23.455 INFO [Catalina-utility-1] org.apache.catalina.core.StandardContext.reload Reloading Context with name [/QLTV_ver1] has started
21-May-2019 14:43:23.799 INFO [Catalina-utility-1] org.apache.jasper.servlet.TldScanner.scanJars At least one JAR was scanned for TLDs yet contained no TLDs. Enable debug logging for this logger for a complete list of JARs that were scanned but no TLDs were found in them. Skipping unneeded JARs during scanning can improve startup time and JSP compilation time.
21-May-2019 14:43:23.808 INFO [Catalina-utility-1] org.apache.catalina.core.StandardContext.reload Reloading Context with name [/QLTV_ver1] is completed
21-May-2019 14:43:44.029 INFO [http-nio-8080-exec-44] org.apache.catalina.core.StandardContext.reload Reloading Context with name [/QLTV_ver1] has started
21-May-2019 14:43:44.354 INFO [http-nio-8080-exec-44] org.apache.jasper.servlet.TldScanner.scanJars At least one JAR was scanned for TLDs yet contained no TLDs. Enable debug logging for this logger for a complete list of JARs that were scanned but no TLDs were found in them. Skipping unneeded JARs during scanning can improve startup time and JSP compilation time.
21-May-2019 14:43:44.370 INFO [http-nio-8080-exec-44] org.apache.catalina.core.StandardContext.reload Reloading Context with name [/QLTV_ver1] is completed
21-May-2019 14:44:55.958 INFO [http-nio-8080-exec-50] org.apache.catalina.core.StandardContext.reload Reloading Context with name [/QLTV_ver1] has started
21-May-2019 14:44:55.958 WARNING [http-nio-8080-exec-50] org.apache.catalina.loader.WebappClassLoaderBase.clearReferencesJdbc The web application [QLTV_ver1] registered the JDBC driver [com.microsoft.sqlserver.jdbc.SQLServerDriver] but failed to unregister it when the web application was stopped. To prevent a memory leak, the JDBC Driver has been forcibly unregistered.
21-May-2019 14:44:56.233 INFO [http-nio-8080-exec-50] org.apache.jasper.servlet.TldScanner.scanJars At least one JAR was scanned for TLDs yet contained no TLDs. Enable debug logging for this logger for a complete list of JARs that were scanned but no TLDs were found in them. Skipping unneeded JARs during scanning can improve startup time and JSP compilation time.
21-May-2019 14:44:56.233 INFO [http-nio-8080-exec-50] org.apache.catalina.core.StandardContext.reload Reloading Context with name [/QLTV_ver1] is completed
21-May-2019 14:44:56.264 INFO [http-nio-8080-exec-42] org.apache.catalina.core.StandardContext.reload Reloading Context with name [/QLTV_ver1] has started
21-May-2019 14:44:56.514 INFO [http-nio-8080-exec-42] org.apache.jasper.servlet.TldScanner.scanJars At least one JAR was scanned for TLDs yet contained no TLDs. Enable debug logging for this logger for a complete list of JARs that were scanned but no TLDs were found in them. Skipping unneeded JARs during scanning can improve startup time and JSP compilation time.
21-May-2019 14:44:56.530 INFO [http-nio-8080-exec-42] org.apache.catalina.core.StandardContext.reload Reloading Context with name [/QLTV_ver1] is completed
21-May-2019 14:44:58.162 INFO [http-nio-8080-exec-49] org.apache.jasper.servlet.TldScanner.scanJars At least one JAR was scanned for TLDs yet contained no TLDs. Enable debug logging for this logger for a complete list of JARs that were scanned but no TLDs were found in them. Skipping unneeded JARs during scanning can improve startup time and JSP compilation time.
21-May-2019 14:45:03.998 INFO [Catalina-utility-2] org.apache.catalina.startup.HostConfig.reload Reloading context [/QLTV_ver1]
21-May-2019 14:45:03.998 INFO [Catalina-utility-2] org.apache.catalina.core.StandardContext.reload Reloading Context with name [/QLTV_ver1] has started
21-May-2019 14:45:04.297 INFO [Catalina-utility-2] org.apache.jasper.servlet.TldScanner.scanJars At least one JAR was scanned for TLDs yet contained no TLDs. Enable debug logging for this logger for a complete list of JARs that were scanned but no TLDs were found in them. Skipping unneeded JARs during scanning can improve startup time and JSP compilation time.
21-May-2019 14:45:04.312 INFO [Catalina-utility-2] org.apache.catalina.core.StandardContext.reload Reloading Context with name [/QLTV_ver1] is completed
21-May-2019 14:45:10.280 INFO [http-nio-8080-exec-56] org.apache.catalina.core.StandardContext.reload Reloading Context with name [/QLTV_ver1] has started
21-May-2019 14:45:10.567 INFO [http-nio-8080-exec-56] org.apache.jasper.servlet.TldScanner.scanJars At least one JAR was scanned for TLDs yet contained no TLDs. Enable debug logging for this logger for a complete list of JARs that were scanned but no TLDs were found in them. Skipping unneeded JARs during scanning can improve startup time and JSP compilation time.
21-May-2019 14:45:10.576 INFO [http-nio-8080-exec-56] org.apache.catalina.core.StandardContext.reload Reloading Context with name [/QLTV_ver1] is completed
21-May-2019 14:46:00.778 WARNING [http-nio-8080-exec-42] org.apache.catalina.loader.WebappClassLoaderBase.clearReferencesJdbc The web application [QLTV_ver1] registered the JDBC driver [com.microsoft.sqlserver.jdbc.SQLServerDriver] but failed to unregister it when the web application was stopped. To prevent a memory leak, the JDBC Driver has been forcibly unregistered.
21-May-2019 14:46:01.068 INFO [http-nio-8080-exec-58] org.apache.jasper.servlet.TldScanner.scanJars At least one JAR was scanned for TLDs yet contained no TLDs. Enable debug logging for this logger for a complete list of JARs that were scanned but no TLDs were found in them. Skipping unneeded JARs during scanning can improve startup time and JSP compilation time.
21-May-2019 14:51:29.797 INFO [http-nio-8080-exec-71] org.apache.catalina.core.StandardContext.reload Reloading Context with name [/QLTV_ver1] has started
21-May-2019 14:51:29.809 WARNING [http-nio-8080-exec-71] org.apache.catalina.loader.WebappClassLoaderBase.clearReferencesJdbc The web application [QLTV_ver1] registered the JDBC driver [com.microsoft.sqlserver.jdbc.SQLServerDriver] but failed to unregister it when the web application was stopped. To prevent a memory leak, the JDBC Driver has been forcibly unregistered.
21-May-2019 14:51:30.259 INFO [http-nio-8080-exec-71] org.apache.jasper.servlet.TldScanner.scanJars At least one JAR was scanned for TLDs yet contained no TLDs. Enable debug logging for this logger for a complete list of JARs that were scanned but no TLDs were found in them. Skipping unneeded JARs during scanning can improve startup time and JSP compilation time.
21-May-2019 14:51:30.267 INFO [http-nio-8080-exec-71] org.apache.catalina.core.StandardContext.reload Reloading Context with name [/QLTV_ver1] is completed
21-May-2019 14:51:30.718 INFO [http-nio-8080-exec-73] org.apache.catalina.core.StandardContext.reload Reloading Context with name [/QLTV_ver1] has started
21-May-2019 14:51:30.970 INFO [http-nio-8080-exec-73] org.apache.jasper.servlet.TldScanner.scanJars At least one JAR was scanned for TLDs yet contained no TLDs. Enable debug logging for this logger for a complete list of JARs that were scanned but no TLDs were found in them. Skipping unneeded JARs during scanning can improve startup time and JSP compilation time.
21-May-2019 14:51:30.977 INFO [http-nio-8080-exec-73] org.apache.catalina.core.StandardContext.reload Reloading Context with name [/QLTV_ver1] is completed
21-May-2019 15:12:48.167 INFO [http-nio-8080-exec-79] org.apache.catalina.core.StandardContext.reload Reloading Context with name [/QLTV_ver1] has started
21-May-2019 15:12:48.879 INFO [http-nio-8080-exec-79] org.apache.jasper.servlet.TldScanner.scanJars At least one JAR was scanned for TLDs yet contained no TLDs. Enable debug logging for this logger for a complete list of JARs that were scanned but no TLDs were found in them. Skipping unneeded JARs during scanning can improve startup time and JSP compilation time.
21-May-2019 15:12:48.894 INFO [http-nio-8080-exec-79] org.apache.catalina.core.StandardContext.reload Reloading Context with name [/QLTV_ver1] is completed
21-May-2019 15:14:59.769 INFO [http-nio-8080-exec-86] org.apache.catalina.core.StandardContext.reload Reloading Context with name [/QLTV_ver1] has started
21-May-2019 15:14:59.988 INFO [http-nio-8080-exec-86] org.apache.jasper.servlet.TldScanner.scanJars At least one JAR was scanned for TLDs yet contained no TLDs. Enable debug logging for this logger for a complete list of JARs that were scanned but no TLDs were found in them. Skipping unneeded JARs during scanning can improve startup time and JSP compilation time.
21-May-2019 15:15:00.003 INFO [http-nio-8080-exec-86] org.apache.catalina.core.StandardContext.reload Reloading Context with name [/QLTV_ver1] is completed
21-May-2019 15:15:09.470 INFO [http-nio-8080-exec-90] org.apache.catalina.core.StandardContext.reload Reloading Context with name [/QLTV_ver1] has started
21-May-2019 15:15:09.705 INFO [http-nio-8080-exec-90] org.apache.jasper.servlet.TldScanner.scanJars At least one JAR was scanned for TLDs yet contained no TLDs. Enable debug logging for this logger for a complete list of JARs that were scanned but no TLDs were found in them. Skipping unneeded JARs during scanning can improve startup time and JSP compilation time.
21-May-2019 15:15:09.705 INFO [http-nio-8080-exec-90] org.apache.catalina.core.StandardContext.reload Reloading Context with name [/QLTV_ver1] is completed
21-May-2019 15:21:45.629 INFO [http-nio-8080-exec-101] org.apache.catalina.core.StandardContext.reload Reloading Context with name [/QLTV_ver1] has started
21-May-2019 15:21:45.644 WARNING [http-nio-8080-exec-101] org.apache.catalina.loader.WebappClassLoaderBase.clearReferencesJdbc The web application [QLTV_ver1] registered the JDBC driver [com.microsoft.sqlserver.jdbc.SQLServerDriver] but failed to unregister it when the web application was stopped. To prevent a memory leak, the JDBC Driver has been forcibly unregistered.
21-May-2019 15:21:45.925 INFO [http-nio-8080-exec-101] org.apache.jasper.servlet.TldScanner.scanJars At least one JAR was scanned for TLDs yet contained no TLDs. Enable debug logging for this logger for a complete list of JARs that were scanned but no TLDs were found in them. Skipping unneeded JARs during scanning can improve startup time and JSP compilation time.
21-May-2019 15:21:45.925 INFO [http-nio-8080-exec-101] org.apache.catalina.core.StandardContext.reload Reloading Context with name [/QLTV_ver1] is completed
21-May-2019 15:21:50.953 INFO [http-nio-8080-exec-94] org.apache.catalina.core.StandardContext.reload Reloading Context with name [/QLTV_ver1] has started
21-May-2019 15:21:51.317 INFO [http-nio-8080-exec-94] org.apache.jasper.servlet.TldScanner.scanJars At least one JAR was scanned for TLDs yet contained no TLDs. Enable debug logging for this logger for a complete list of JARs that were scanned but no TLDs were found in them. Skipping unneeded JARs during scanning can improve startup time and JSP compilation time.
21-May-2019 15:21:51.332 INFO [http-nio-8080-exec-94] org.apache.catalina.core.StandardContext.reload Reloading Context with name [/QLTV_ver1] is completed
21-May-2019 15:25:34.067 INFO [http-nio-8080-exec-115] org.apache.catalina.core.StandardContext.reload Reloading Context with name [/QLTV_ver1] has started
21-May-2019 15:25:34.067 WARNING [http-nio-8080-exec-115] org.apache.catalina.loader.WebappClassLoaderBase.clearReferencesJdbc The web application [QLTV_ver1] registered the JDBC driver [com.microsoft.sqlserver.jdbc.SQLServerDriver] but failed to unregister it when the web application was stopped. To prevent a memory leak, the JDBC Driver has been forcibly unregistered.
21-May-2019 15:25:34.317 INFO [http-nio-8080-exec-115] org.apache.jasper.servlet.TldScanner.scanJars At least one JAR was scanned for TLDs yet contained no TLDs. Enable debug logging for this logger for a complete list of JARs that were scanned but no TLDs were found in them. Skipping unneeded JARs during scanning can improve startup time and JSP compilation time.
21-May-2019 15:25:34.332 INFO [http-nio-8080-exec-115] org.apache.catalina.core.StandardContext.reload Reloading Context with name [/QLTV_ver1] is completed
21-May-2019 15:45:40.349 INFO [http-nio-8080-exec-123] org.apache.catalina.core.StandardContext.reload Reloading Context with name [/QLTV_ver1] has started
21-May-2019 15:45:40.356 WARNING [http-nio-8080-exec-123] org.apache.catalina.loader.WebappClassLoaderBase.clearReferencesJdbc The web application [QLTV_ver1] registered the JDBC driver [com.microsoft.sqlserver.jdbc.SQLServerDriver] but failed to unregister it when the web application was stopped. To prevent a memory leak, the JDBC Driver has been forcibly unregistered.
21-May-2019 15:45:40.585 INFO [http-nio-8080-exec-123] org.apache.jasper.servlet.TldScanner.scanJars At least one JAR was scanned for TLDs yet contained no TLDs. Enable debug logging for this logger for a complete list of JARs that were scanned but no TLDs were found in them. Skipping unneeded JARs during scanning can improve startup time and JSP compilation time.
21-May-2019 15:45:40.595 INFO [http-nio-8080-exec-123] org.apache.catalina.core.StandardContext.reload Reloading Context with name [/QLTV_ver1] is completed
21-May-2019 15:49:56.766 INFO [http-nio-8080-exec-131] org.apache.catalina.core.StandardContext.reload Reloading Context with name [/QLTV_ver1] has started
21-May-2019 15:49:56.766 WARNING [http-nio-8080-exec-131] org.apache.catalina.loader.WebappClassLoaderBase.clearReferencesJdbc The web application [QLTV_ver1] registered the JDBC driver [com.microsoft.sqlserver.jdbc.SQLServerDriver] but failed to unregister it when the web application was stopped. To prevent a memory leak, the JDBC Driver has been forcibly unregistered.
21-May-2019 15:49:57.016 INFO [http-nio-8080-exec-131] org.apache.jasper.servlet.TldScanner.scanJars At least one JAR was scanned for TLDs yet contained no TLDs. Enable debug logging for this logger for a complete list of JARs that were scanned but no TLDs were found in them. Skipping unneeded JARs during scanning can improve startup time and JSP compilation time.
21-May-2019 15:49:57.031 INFO [http-nio-8080-exec-131] org.apache.catalina.core.StandardContext.reload Reloading Context with name [/QLTV_ver1] is completed
21-May-2019 15:50:18.332 INFO [http-nio-8080-exec-135] org.apache.catalina.core.StandardContext.reload Reloading Context with name [/QLTV_ver1] has started
21-May-2019 15:50:18.332 WARNING [http-nio-8080-exec-135] org.apache.catalina.loader.WebappClassLoaderBase.clearReferencesJdbc The web application [QLTV_ver1] registered the JDBC driver [com.microsoft.sqlserver.jdbc.SQLServerDriver] but failed to unregister it when the web application was stopped. To prevent a memory leak, the JDBC Driver has been forcibly unregistered.
21-May-2019 15:50:18.598 INFO [http-nio-8080-exec-135] org.apache.jasper.servlet.TldScanner.scanJars At least one JAR was scanned for TLDs yet contained no TLDs. Enable debug logging for this logger for a complete list of JARs that were scanned but no TLDs were found in them. Skipping unneeded JARs during scanning can improve startup time and JSP compilation time.
21-May-2019 15:50:18.614 INFO [http-nio-8080-exec-135] org.apache.catalina.core.StandardContext.reload Reloading Context with name [/QLTV_ver1] is completed
21-May-2019 15:54:38.000 INFO [http-nio-8080-exec-143] org.apache.catalina.core.StandardContext.reload Reloading Context with name [/QLTV_ver1] has started
21-May-2019 15:54:38.015 WARNING [http-nio-8080-exec-143] org.apache.catalina.loader.WebappClassLoaderBase.clearReferencesJdbc The web application [QLTV_ver1] registered the JDBC driver [com.microsoft.sqlserver.jdbc.SQLServerDriver] but failed to unregister it when the web application was stopped. To prevent a memory leak, the JDBC Driver has been forcibly unregistered.
21-May-2019 15:54:38.237 INFO [http-nio-8080-exec-143] org.apache.jasper.servlet.TldScanner.scanJars At least one JAR was scanned for TLDs yet contained no TLDs. Enable debug logging for this logger for a complete list of JARs that were scanned but no TLDs were found in them. Skipping unneeded JARs during scanning can improve startup time and JSP compilation time.
21-May-2019 15:54:38.252 INFO [http-nio-8080-exec-143] org.apache.catalina.core.StandardContext.reload Reloading Context with name [/QLTV_ver1] is completed
21-May-2019 15:54:45.250 INFO [http-nio-8080-exec-148] org.apache.catalina.core.StandardContext.reload Reloading Context with name [/QLTV_ver1] has started
21-May-2019 15:54:45.484 INFO [http-nio-8080-exec-148] org.apache.jasper.servlet.TldScanner.scanJars At least one JAR was scanned for TLDs yet contained no TLDs. Enable debug logging for this logger for a complete list of JARs that were scanned but no TLDs were found in them. Skipping unneeded JARs during scanning can improve startup time and JSP compilation time.
21-May-2019 15:54:45.484 INFO [http-nio-8080-exec-148] org.apache.catalina.core.StandardContext.reload Reloading Context with name [/QLTV_ver1] is completed
21-May-2019 17:08:02.240 INFO [http-nio-8080-exec-155] org.apache.catalina.core.StandardContext.reload Reloading Context with name [/QLTV_ver1] has started
21-May-2019 17:08:02.255 WARNING [http-nio-8080-exec-155] org.apache.catalina.loader.WebappClassLoaderBase.clearReferencesJdbc The web application [QLTV_ver1] registered the JDBC driver [com.microsoft.sqlserver.jdbc.SQLServerDriver] but failed to unregister it when the web application was stopped. To prevent a memory leak, the JDBC Driver has been forcibly unregistered.
21-May-2019 17:08:03.785 INFO [http-nio-8080-exec-155] org.apache.jasper.servlet.TldScanner.scanJars At least one JAR was scanned for TLDs yet contained no TLDs. Enable debug logging for this logger for a complete list of JARs that were scanned but no TLDs were found in them. Skipping unneeded JARs during scanning can improve startup time and JSP compilation time.
21-May-2019 17:08:03.787 INFO [http-nio-8080-exec-155] org.apache.catalina.core.StandardContext.reload Reloading Context with name [/QLTV_ver1] is completed
21-May-2019 17:08:13.805 INFO [http-nio-8080-exec-154] org.apache.catalina.core.StandardContext.reload Reloading Context with name [/QLTV_ver1] has started
21-May-2019 17:08:14.279 INFO [http-nio-8080-exec-154] org.apache.jasper.servlet.TldScanner.scanJars At least one JAR was scanned for TLDs yet contained no TLDs. Enable debug logging for this logger for a complete list of JARs that were scanned but no TLDs were found in them. Skipping unneeded JARs during scanning can improve startup time and JSP compilation time.
21-May-2019 17:08:14.302 INFO [http-nio-8080-exec-154] org.apache.catalina.core.StandardContext.reload Reloading Context with name [/QLTV_ver1] is completed
21-May-2019 17:38:38.905 INFO [http-nio-8080-exec-168] org.apache.catalina.core.StandardContext.reload Reloading Context with name [/QLTV_ver1] has started
21-May-2019 17:38:38.905 WARNING [http-nio-8080-exec-168] org.apache.catalina.loader.WebappClassLoaderBase.clearReferencesJdbc The web application [QLTV_ver1] registered the JDBC driver [com.microsoft.sqlserver.jdbc.SQLServerDriver] but failed to unregister it when the web application was stopped. To prevent a memory leak, the JDBC Driver has been forcibly unregistered.
21-May-2019 17:38:40.061 INFO [http-nio-8080-exec-168] org.apache.jasper.servlet.TldScanner.scanJars At least one JAR was scanned for TLDs yet contained no TLDs. Enable debug logging for this logger for a complete list of JARs that were scanned but no TLDs were found in them. Skipping unneeded JARs during scanning can improve startup time and JSP compilation time.
21-May-2019 17:38:40.076 INFO [http-nio-8080-exec-168] org.apache.catalina.core.StandardContext.reload Reloading Context with name [/QLTV_ver1] is completed
21-May-2019 17:41:03.359 INFO [http-nio-8080-exec-177] org.apache.catalina.core.StandardContext.reload Reloading Context with name [/QLTV_ver1] has started
21-May-2019 17:41:03.359 WARNING [http-nio-8080-exec-177] org.apache.catalina.loader.WebappClassLoaderBase.clearReferencesJdbc The web application [QLTV_ver1] registered the JDBC driver [com.microsoft.sqlserver.jdbc.SQLServerDriver] but failed to unregister it when the web application was stopped. To prevent a memory leak, the JDBC Driver has been forcibly unregistered.
21-May-2019 17:41:03.655 INFO [http-nio-8080-exec-177] org.apache.jasper.servlet.TldScanner.scanJars At least one JAR was scanned for TLDs yet contained no TLDs. Enable debug logging for this logger for a complete list of JARs that were scanned but no TLDs were found in them. Skipping unneeded JARs during scanning can improve startup time and JSP compilation time.
21-May-2019 17:41:03.671 INFO [http-nio-8080-exec-177] org.apache.catalina.core.StandardContext.reload Reloading Context with name [/QLTV_ver1] is completed
21-May-2019 17:43:03.171 INFO [http-nio-8080-exec-184] org.apache.catalina.core.StandardContext.reload Reloading Context with name [/QLTV_ver1] has started
21-May-2019 17:43:03.171 WARNING [http-nio-8080-exec-184] org.apache.catalina.loader.WebappClassLoaderBase.clearReferencesJdbc The web application [QLTV_ver1] registered the JDBC driver [com.microsoft.sqlserver.jdbc.SQLServerDriver] but failed to unregister it when the web application was stopped. To prevent a memory leak, the JDBC Driver has been forcibly unregistered.
21-May-2019 17:43:03.452 INFO [http-nio-8080-exec-184] org.apache.jasper.servlet.TldScanner.scanJars At least one JAR was scanned for TLDs yet contained no TLDs. Enable debug logging for this logger for a complete list of JARs that were scanned but no TLDs were found in them. Skipping unneeded JARs during scanning can improve startup time and JSP compilation time.
21-May-2019 17:43:03.468 INFO [http-nio-8080-exec-184] org.apache.catalina.core.StandardContext.reload Reloading Context with name [/QLTV_ver1] is completed
21-May-2019 17:47:01.093 INFO [http-nio-8080-exec-195] org.apache.catalina.core.StandardContext.reload Reloading Context with name [/QLTV_ver1] has started
21-May-2019 17:47:01.099 WARNING [http-nio-8080-exec-195] org.apache.catalina.loader.WebappClassLoaderBase.clearReferencesJdbc The web application [QLTV_ver1] registered the JDBC driver [com.microsoft.sqlserver.jdbc.SQLServerDriver] but failed to unregister it when the web application was stopped. To prevent a memory leak, the JDBC Driver has been forcibly unregistered.
21-May-2019 17:47:01.368 INFO [http-nio-8080-exec-195] org.apache.jasper.servlet.TldScanner.scanJars At least one JAR was scanned for TLDs yet contained no TLDs. Enable debug logging for this logger for a complete list of JARs that were scanned but no TLDs were found in them. Skipping unneeded JARs during scanning can improve startup time and JSP compilation time.
21-May-2019 17:47:01.376 INFO [http-nio-8080-exec-195] org.apache.catalina.core.StandardContext.reload Reloading Context with name [/QLTV_ver1] is completed
21-May-2019 17:48:07.938 INFO [http-nio-8080-exec-200] org.apache.catalina.core.StandardContext.reload Reloading Context with name [/QLTV_ver1] has started
21-May-2019 17:48:07.938 WARNING [http-nio-8080-exec-200] org.apache.catalina.loader.WebappClassLoaderBase.clearReferencesJdbc The web application [QLTV_ver1] registered the JDBC driver [com.microsoft.sqlserver.jdbc.SQLServerDriver] but failed to unregister it when the web application was stopped. To prevent a memory leak, the JDBC Driver has been forcibly unregistered.
21-May-2019 17:48:08.172 INFO [http-nio-8080-exec-200] org.apache.jasper.servlet.TldScanner.scanJars At least one JAR was scanned for TLDs yet contained no TLDs. Enable debug logging for this logger for a complete list of JARs that were scanned but no TLDs were found in them. Skipping unneeded JARs during scanning can improve startup time and JSP compilation time.
21-May-2019 17:48:08.188 INFO [http-nio-8080-exec-200] org.apache.catalina.core.StandardContext.reload Reloading Context with name [/QLTV_ver1] is completed
21-May-2019 17:48:33.390 INFO [http-nio-8080-exec-211] org.apache.catalina.core.StandardContext.reload Reloading Context with name [/QLTV_ver1] has started
21-May-2019 17:48:33.406 WARNING [http-nio-8080-exec-211] org.apache.catalina.loader.WebappClassLoaderBase.clearReferencesJdbc The web application [QLTV_ver1] registered the JDBC driver [com.microsoft.sqlserver.jdbc.SQLServerDriver] but failed to unregister it when the web application was stopped. To prevent a memory leak, the JDBC Driver has been forcibly unregistered.
21-May-2019 17:48:33.625 INFO [http-nio-8080-exec-211] org.apache.jasper.servlet.TldScanner.scanJars At least one JAR was scanned for TLDs yet contained no TLDs. Enable debug logging for this logger for a complete list of JARs that were scanned but no TLDs were found in them. Skipping unneeded JARs during scanning can improve startup time and JSP compilation time.
21-May-2019 17:48:33.640 INFO [http-nio-8080-exec-211] org.apache.catalina.core.StandardContext.reload Reloading Context with name [/QLTV_ver1] is completed
21-May-2019 17:53:07.910 INFO [http-nio-8080-exec-219] org.apache.catalina.core.StandardContext.reload Reloading Context with name [/QLTV_ver1] has started
21-May-2019 17:53:07.915 WARNING [http-nio-8080-exec-219] org.apache.catalina.loader.WebappClassLoaderBase.clearReferencesJdbc The web application [QLTV_ver1] registered the JDBC driver [com.microsoft.sqlserver.jdbc.SQLServerDriver] but failed to unregister it when the web application was stopped. To prevent a memory leak, the JDBC Driver has been forcibly unregistered.
21-May-2019 17:53:08.430 INFO [http-nio-8080-exec-219] org.apache.jasper.servlet.TldScanner.scanJars At least one JAR was scanned for TLDs yet contained no TLDs. Enable debug logging for this logger for a complete list of JARs that were scanned but no TLDs were found in them. Skipping unneeded JARs during scanning can improve startup time and JSP compilation time.
21-May-2019 17:53:08.441 INFO [http-nio-8080-exec-219] org.apache.catalina.core.StandardContext.reload Reloading Context with name [/QLTV_ver1] is completed
21-May-2019 17:54:03.062 INFO [http-nio-8080-exec-224] org.apache.catalina.core.StandardContext.reload Reloading Context with name [/QLTV_ver1] has started
21-May-2019 17:54:03.062 WARNING [http-nio-8080-exec-224] org.apache.catalina.loader.WebappClassLoaderBase.clearReferencesJdbc The web application [QLTV_ver1] registered the JDBC driver [com.microsoft.sqlserver.jdbc.SQLServerDriver] but failed to unregister it when the web application was stopped. To prevent a memory leak, the JDBC Driver has been forcibly unregistered.
21-May-2019 17:54:03.328 INFO [http-nio-8080-exec-224] org.apache.jasper.servlet.TldScanner.scanJars At least one JAR was scanned for TLDs yet contained no TLDs. Enable debug logging for this logger for a complete list of JARs that were scanned but no TLDs were found in them. Skipping unneeded JARs during scanning can improve startup time and JSP compilation time.
21-May-2019 17:54:03.343 INFO [http-nio-8080-exec-224] org.apache.catalina.core.StandardContext.reload Reloading Context with name [/QLTV_ver1] is completed
21-May-2019 17:55:38.843 INFO [http-nio-8080-exec-238] org.apache.catalina.core.StandardContext.reload Reloading Context with name [/QLTV_ver1] has started
21-May-2019 17:55:38.859 WARNING [http-nio-8080-exec-238] org.apache.catalina.loader.WebappClassLoaderBase.clearReferencesJdbc The web application [QLTV_ver1] registered the JDBC driver [com.microsoft.sqlserver.jdbc.SQLServerDriver] but failed to unregister it when the web application was stopped. To prevent a memory leak, the JDBC Driver has been forcibly unregistered.
21-May-2019 17:55:39.171 INFO [http-nio-8080-exec-238] org.apache.jasper.servlet.TldScanner.scanJars At least one JAR was scanned for TLDs yet contained no TLDs. Enable debug logging for this logger for a complete list of JARs that were scanned but no TLDs were found in them. Skipping unneeded JARs during scanning can improve startup time and JSP compilation time.
21-May-2019 17:55:39.187 INFO [http-nio-8080-exec-238] org.apache.catalina.core.StandardContext.reload Reloading Context with name [/QLTV_ver1] is completed
21-May-2019 17:56:58.796 INFO [http-nio-8080-exec-245] org.apache.catalina.core.StandardContext.reload Reloading Context with name [/QLTV_ver1] has started
21-May-2019 17:56:58.811 WARNING [http-nio-8080-exec-245] org.apache.catalina.loader.WebappClassLoaderBase.clearReferencesJdbc The web application [QLTV_ver1] registered the JDBC driver [com.microsoft.sqlserver.jdbc.SQLServerDriver] but failed to unregister it when the web application was stopped. To prevent a memory leak, the JDBC Driver has been forcibly unregistered.
21-May-2019 17:56:59.071 INFO [http-nio-8080-exec-245] org.apache.jasper.servlet.TldScanner.scanJars At least one JAR was scanned for TLDs yet contained no TLDs. Enable debug logging for this logger for a complete list of JARs that were scanned but no TLDs were found in them. Skipping unneeded JARs during scanning can improve startup time and JSP compilation time.
21-May-2019 17:56:59.086 INFO [http-nio-8080-exec-245] org.apache.catalina.core.StandardContext.reload Reloading Context with name [/QLTV_ver1] is completed
21-May-2019 18:00:37.234 INFO [http-nio-8080-exec-256] org.apache.catalina.core.StandardContext.reload Reloading Context with name [/QLTV_ver1] has started
21-May-2019 18:00:37.250 WARNING [http-nio-8080-exec-256] org.apache.catalina.loader.WebappClassLoaderBase.clearReferencesJdbc The web application [QLTV_ver1] registered the JDBC driver [com.microsoft.sqlserver.jdbc.SQLServerDriver] but failed to unregister it when the web application was stopped. To prevent a memory leak, the JDBC Driver has been forcibly unregistered.
21-May-2019 18:00:37.484 INFO [http-nio-8080-exec-256] org.apache.jasper.servlet.TldScanner.scanJars At least one JAR was scanned for TLDs yet contained no TLDs. Enable debug logging for this logger for a complete list of JARs that were scanned but no TLDs were found in them. Skipping unneeded JARs during scanning can improve startup time and JSP compilation time.
21-May-2019 18:00:37.500 INFO [http-nio-8080-exec-256] org.apache.catalina.core.StandardContext.reload Reloading Context with name [/QLTV_ver1] is completed
21-May-2019 18:03:14.780 INFO [http-nio-8080-exec-270] org.apache.catalina.core.StandardContext.reload Reloading Context with name [/QLTV_ver1] has started
21-May-2019 18:03:14.796 WARNING [http-nio-8080-exec-270] org.apache.catalina.loader.WebappClassLoaderBase.clearReferencesJdbc The web application [QLTV_ver1] registered the JDBC driver [com.microsoft.sqlserver.jdbc.SQLServerDriver] but failed to unregister it when the web application was stopped. To prevent a memory leak, the JDBC Driver has been forcibly unregistered.
21-May-2019 18:03:15.046 INFO [http-nio-8080-exec-270] org.apache.jasper.servlet.TldScanner.scanJars At least one JAR was scanned for TLDs yet contained no TLDs. Enable debug logging for this logger for a complete list of JARs that were scanned but no TLDs were found in them. Skipping unneeded JARs during scanning can improve startup time and JSP compilation time.
21-May-2019 18:03:15.052 INFO [http-nio-8080-exec-270] org.apache.catalina.core.StandardContext.reload Reloading Context with name [/QLTV_ver1] is completed
21-May-2019 18:06:16.832 INFO [http-nio-8080-exec-276] org.apache.catalina.core.StandardContext.reload Reloading Context with name [/QLTV_ver1] has started
21-May-2019 18:06:16.848 WARNING [http-nio-8080-exec-276] org.apache.catalina.loader.WebappClassLoaderBase.clearReferencesJdbc The web application [QLTV_ver1] registered the JDBC driver [com.microsoft.sqlserver.jdbc.SQLServerDriver] but failed to unregister it when the web application was stopped. To prevent a memory leak, the JDBC Driver has been forcibly unregistered.
21-May-2019 18:06:17.129 INFO [http-nio-8080-exec-276] org.apache.jasper.servlet.TldScanner.scanJars At least one JAR was scanned for TLDs yet contained no TLDs. Enable debug logging for this logger for a complete list of JARs that were scanned but no TLDs were found in them. Skipping unneeded JARs during scanning can improve startup time and JSP compilation time.
21-May-2019 18:06:17.129 INFO [http-nio-8080-exec-276] org.apache.catalina.core.StandardContext.reload Reloading Context with name [/QLTV_ver1] is completed
21-May-2019 18:09:07.344 INFO [http-nio-8080-exec-287] org.apache.catalina.core.StandardContext.reload Reloading Context with name [/QLTV_ver1] has started
21-May-2019 18:09:07.360 WARNING [http-nio-8080-exec-287] org.apache.catalina.loader.WebappClassLoaderBase.clearReferencesJdbc The web application [QLTV_ver1] registered the JDBC driver [com.microsoft.sqlserver.jdbc.SQLServerDriver] but failed to unregister it when the web application was stopped. To prevent a memory leak, the JDBC Driver has been forcibly unregistered.
21-May-2019 18:09:07.641 INFO [http-nio-8080-exec-287] org.apache.jasper.servlet.TldScanner.scanJars At least one JAR was scanned for TLDs yet contained no TLDs. Enable debug logging for this logger for a complete list of JARs that were scanned but no TLDs were found in them. Skipping unneeded JARs during scanning can improve startup time and JSP compilation time.
21-May-2019 18:09:07.641 INFO [http-nio-8080-exec-287] org.apache.catalina.core.StandardContext.reload Reloading Context with name [/QLTV_ver1] is completed
21-May-2019 18:09:50.518 INFO [http-nio-8080-exec-286] org.apache.catalina.core.StandardContext.reload Reloading Context with name [/QLTV_ver1] has started
21-May-2019 18:09:50.518 WARNING [http-nio-8080-exec-286] org.apache.catalina.loader.WebappClassLoaderBase.clearReferencesJdbc The web application [QLTV_ver1] registered the JDBC driver [com.microsoft.sqlserver.jdbc.SQLServerDriver] but failed to unregister it when the web application was stopped. To prevent a memory leak, the JDBC Driver has been forcibly unregistered.
21-May-2019 18:09:50.768 INFO [http-nio-8080-exec-286] org.apache.jasper.servlet.TldScanner.scanJars At least one JAR was scanned for TLDs yet contained no TLDs. Enable debug logging for this logger for a complete list of JARs that were scanned but no TLDs were found in them. Skipping unneeded JARs during scanning can improve startup time and JSP compilation time.
21-May-2019 18:09:50.784 INFO [http-nio-8080-exec-286] org.apache.catalina.core.StandardContext.reload Reloading Context with name [/QLTV_ver1] is completed
21-May-2019 18:10:56.030 INFO [http-nio-8080-exec-294] org.apache.catalina.core.StandardContext.reload Reloading Context with name [/QLTV_ver1] has started
21-May-2019 18:10:56.030 WARNING [http-nio-8080-exec-294] org.apache.catalina.loader.WebappClassLoaderBase.clearReferencesJdbc The web application [QLTV_ver1] registered the JDBC driver [com.microsoft.sqlserver.jdbc.SQLServerDriver] but failed to unregister it when the web application was stopped. To prevent a memory leak, the JDBC Driver has been forcibly unregistered.
21-May-2019 18:10:56.280 INFO [http-nio-8080-exec-294] org.apache.jasper.servlet.TldScanner.scanJars At least one JAR was scanned for TLDs yet contained no TLDs. Enable debug logging for this logger for a complete list of JARs that were scanned but no TLDs were found in them. Skipping unneeded JARs during scanning can improve startup time and JSP compilation time.
21-May-2019 18:10:56.280 INFO [http-nio-8080-exec-294] org.apache.catalina.core.StandardContext.reload Reloading Context with name [/QLTV_ver1] is completed
21-May-2019 18:11:38.004 INFO [http-nio-8080-exec-304] org.apache.catalina.core.StandardContext.reload Reloading Context with name [/QLTV_ver1] has started
21-May-2019 18:11:38.004 WARNING [http-nio-8080-exec-304] org.apache.catalina.loader.WebappClassLoaderBase.clearReferencesJdbc The web application [QLTV_ver1] registered the JDBC driver [com.microsoft.sqlserver.jdbc.SQLServerDriver] but failed to unregister it when the web application was stopped. To prevent a memory leak, the JDBC Driver has been forcibly unregistered.
21-May-2019 18:11:38.300 INFO [http-nio-8080-exec-304] org.apache.jasper.servlet.TldScanner.scanJars At least one JAR was scanned for TLDs yet contained no TLDs. Enable debug logging for this logger for a complete list of JARs that were scanned but no TLDs were found in them. Skipping unneeded JARs during scanning can improve startup time and JSP compilation time.
21-May-2019 18:11:38.300 INFO [http-nio-8080-exec-304] org.apache.catalina.core.StandardContext.reload Reloading Context with name [/QLTV_ver1] is completed
21-May-2019 18:11:38.722 INFO [http-nio-8080-exec-296] org.apache.jasper.servlet.TldScanner.scanJars At least one JAR was scanned for TLDs yet contained no TLDs. Enable debug logging for this logger for a complete list of JARs that were scanned but no TLDs were found in them. Skipping unneeded JARs during scanning can improve startup time and JSP compilation time.
21-May-2019 18:11:44.691 INFO [Catalina-utility-1] org.apache.catalina.startup.HostConfig.reload Reloading context [/QLTV_ver1]
21-May-2019 18:11:44.691 INFO [Catalina-utility-1] org.apache.catalina.core.StandardContext.reload Reloading Context with name [/QLTV_ver1] has started
21-May-2019 18:11:44.941 INFO [Catalina-utility-1] org.apache.jasper.servlet.TldScanner.scanJars At least one JAR was scanned for TLDs yet contained no TLDs. Enable debug logging for this logger for a complete list of JARs that were scanned but no TLDs were found in them. Skipping unneeded JARs during scanning can improve startup time and JSP compilation time.
21-May-2019 18:11:44.957 INFO [Catalina-utility-1] org.apache.catalina.core.StandardContext.reload Reloading Context with name [/QLTV_ver1] is completed
21-May-2019 18:12:16.563 INFO [http-nio-8080-exec-301] org.apache.catalina.core.StandardContext.reload Reloading Context with name [/QLTV_ver1] has started
21-May-2019 18:12:16.797 INFO [http-nio-8080-exec-301] org.apache.jasper.servlet.TldScanner.scanJars At least one JAR was scanned for TLDs yet contained no TLDs. Enable debug logging for this logger for a complete list of JARs that were scanned but no TLDs were found in them. Skipping unneeded JARs during scanning can improve startup time and JSP compilation time.
21-May-2019 18:12:16.797 INFO [http-nio-8080-exec-301] org.apache.catalina.core.StandardContext.reload Reloading Context with name [/QLTV_ver1] is completed
21-May-2019 18:14:15.186 INFO [http-nio-8080-exec-311] org.apache.catalina.core.StandardContext.reload Reloading Context with name [/QLTV_ver1] has started
21-May-2019 18:14:15.191 WARNING [http-nio-8080-exec-311] org.apache.catalina.loader.WebappClassLoaderBase.clearReferencesJdbc The web application [QLTV_ver1] registered the JDBC driver [com.microsoft.sqlserver.jdbc.SQLServerDriver] but failed to unregister it when the web application was stopped. To prevent a memory leak, the JDBC Driver has been forcibly unregistered.
21-May-2019 18:14:15.444 INFO [http-nio-8080-exec-311] org.apache.jasper.servlet.TldScanner.scanJars At least one JAR was scanned for TLDs yet contained no TLDs. Enable debug logging for this logger for a complete list of JARs that were scanned but no TLDs were found in them. Skipping unneeded JARs during scanning can improve startup time and JSP compilation time.
21-May-2019 18:14:15.452 INFO [http-nio-8080-exec-311] org.apache.catalina.core.StandardContext.reload Reloading Context with name [/QLTV_ver1] is completed
21-May-2019 18:15:10.926 INFO [http-nio-8080-exec-313] org.apache.catalina.core.StandardContext.reload Reloading Context with name [/QLTV_ver1] has started
21-May-2019 18:15:11.199 INFO [http-nio-8080-exec-313] org.apache.jasper.servlet.TldScanner.scanJars At least one JAR was scanned for TLDs yet contained no TLDs. Enable debug logging for this logger for a complete list of JARs that were scanned but no TLDs were found in them. Skipping unneeded JARs during scanning can improve startup time and JSP compilation time.
21-May-2019 18:15:11.210 INFO [http-nio-8080-exec-313] org.apache.catalina.core.StandardContext.reload Reloading Context with name [/QLTV_ver1] is completed
21-May-2019 18:19:23.141 INFO [http-nio-8080-exec-327] org.apache.catalina.core.StandardContext.reload Reloading Context with name [/QLTV_ver1] has started
21-May-2019 18:19:23.141 WARNING [http-nio-8080-exec-327] org.apache.catalina.loader.WebappClassLoaderBase.clearReferencesJdbc The web application [QLTV_ver1] registered the JDBC driver [com.microsoft.sqlserver.jdbc.SQLServerDriver] but failed to unregister it when the web application was stopped. To prevent a memory leak, the JDBC Driver has been forcibly unregistered.
21-May-2019 18:19:23.407 INFO [http-nio-8080-exec-327] org.apache.jasper.servlet.TldScanner.scanJars At least one JAR was scanned for TLDs yet contained no TLDs. Enable debug logging for this logger for a complete list of JARs that were scanned but no TLDs were found in them. Skipping unneeded JARs during scanning can improve startup time and JSP compilation time.
21-May-2019 18:19:23.407 INFO [http-nio-8080-exec-327] org.apache.catalina.core.StandardContext.reload Reloading Context with name [/QLTV_ver1] is completed
21-May-2019 18:22:50.435 INFO [http-nio-8080-exec-336] org.apache.catalina.core.StandardContext.reload Reloading Context with name [/QLTV_ver1] has started
21-May-2019 18:22:50.435 WARNING [http-nio-8080-exec-336] org.apache.catalina.loader.WebappClassLoaderBase.clearReferencesJdbc The web application [QLTV_ver1] registered the JDBC driver [com.microsoft.sqlserver.jdbc.SQLServerDriver] but failed to unregister it when the web application was stopped. To prevent a memory leak, the JDBC Driver has been forcibly unregistered.
21-May-2019 18:22:50.654 INFO [http-nio-8080-exec-336] org.apache.jasper.servlet.TldScanner.scanJars At least one JAR was scanned for TLDs yet contained no TLDs. Enable debug logging for this logger for a complete list of JARs that were scanned but no TLDs were found in them. Skipping unneeded JARs during scanning can improve startup time and JSP compilation time.
21-May-2019 18:22:50.670 INFO [http-nio-8080-exec-336] org.apache.catalina.core.StandardContext.reload Reloading Context with name [/QLTV_ver1] is completed
21-May-2019 18:23:39.898 INFO [http-nio-8080-exec-343] org.apache.catalina.core.StandardContext.reload Reloading Context with name [/QLTV_ver1] has started
21-May-2019 18:23:39.908 WARNING [http-nio-8080-exec-343] org.apache.catalina.loader.WebappClassLoaderBase.clearReferencesJdbc The web application [QLTV_ver1] registered the JDBC driver [com.microsoft.sqlserver.jdbc.SQLServerDriver] but failed to unregister it when the web application was stopped. To prevent a memory leak, the JDBC Driver has been forcibly unregistered.
21-May-2019 18:23:40.130 INFO [http-nio-8080-exec-343] org.apache.jasper.servlet.TldScanner.scanJars At least one JAR was scanned for TLDs yet contained no TLDs. Enable debug logging for this logger for a complete list of JARs that were scanned but no TLDs were found in them. Skipping unneeded JARs during scanning can improve startup time and JSP compilation time.
21-May-2019 18:23:40.142 INFO [http-nio-8080-exec-343] org.apache.catalina.core.StandardContext.reload Reloading Context with name [/QLTV_ver1] is completed
21-May-2019 18:27:36.920 INFO [http-nio-8080-exec-355] org.apache.catalina.core.StandardContext.reload Reloading Context with name [/QLTV_ver1] has started
21-May-2019 18:27:37.170 INFO [http-nio-8080-exec-355] org.apache.jasper.servlet.TldScanner.scanJars At least one JAR was scanned for TLDs yet contained no TLDs. Enable debug logging for this logger for a complete list of JARs that were scanned but no TLDs were found in them. Skipping unneeded JARs during scanning can improve startup time and JSP compilation time.
21-May-2019 18:27:37.178 INFO [http-nio-8080-exec-355] org.apache.catalina.core.StandardContext.reload Reloading Context with name [/QLTV_ver1] is completed
21-May-2019 18:28:44.006 INFO [http-nio-8080-exec-356] org.apache.catalina.core.StandardContext.reload Reloading Context with name [/QLTV_ver1] has started
21-May-2019 18:28:44.246 INFO [http-nio-8080-exec-356] org.apache.jasper.servlet.TldScanner.scanJars At least one JAR was scanned for TLDs yet contained no TLDs. Enable debug logging for this logger for a complete list of JARs that were scanned but no TLDs were found in them. Skipping unneeded JARs during scanning can improve startup time and JSP compilation time.
21-May-2019 18:28:44.255 INFO [http-nio-8080-exec-356] org.apache.catalina.core.StandardContext.reload Reloading Context with name [/QLTV_ver1] is completed
21-May-2019 18:29:15.632 INFO [http-nio-8080-exec-355] org.apache.catalina.core.StandardContext.reload Reloading Context with name [/QLTV_ver1] has started
21-May-2019 18:29:15.958 INFO [http-nio-8080-exec-355] org.apache.jasper.servlet.TldScanner.scanJars At least one JAR was scanned for TLDs yet contained no TLDs. Enable debug logging for this logger for a complete list of JARs that were scanned but no TLDs were found in them. Skipping unneeded JARs during scanning can improve startup time and JSP compilation time.
21-May-2019 18:29:15.974 INFO [http-nio-8080-exec-355] org.apache.catalina.core.StandardContext.reload Reloading Context with name [/QLTV_ver1] is completed
21-May-2019 18:29:25.015 INFO [http-nio-8080-exec-350] org.apache.jasper.servlet.TldScanner.scanJars At least one JAR was scanned for TLDs yet contained no TLDs. Enable debug logging for this logger for a complete list of JARs that were scanned but no TLDs were found in them. Skipping unneeded JARs during scanning can improve startup time and JSP compilation time.
21-May-2019 18:30:37.723 INFO [http-nio-8080-exec-361] org.apache.catalina.core.StandardContext.reload Reloading Context with name [/QLTV_ver1] has started
21-May-2019 18:30:37.738 WARNING [http-nio-8080-exec-361] org.apache.catalina.loader.WebappClassLoaderBase.clearReferencesJdbc The web application [QLTV_ver1] registered the JDBC driver [com.microsoft.sqlserver.jdbc.SQLServerDriver] but failed to unregister it when the web application was stopped. To prevent a memory leak, the JDBC Driver has been forcibly unregistered.
21-May-2019 18:30:37.941 INFO [http-nio-8080-exec-361] org.apache.jasper.servlet.TldScanner.scanJars At least one JAR was scanned for TLDs yet contained no TLDs. Enable debug logging for this logger for a complete list of JARs that were scanned but no TLDs were found in them. Skipping unneeded JARs during scanning can improve startup time and JSP compilation time.
21-May-2019 18:30:37.957 INFO [http-nio-8080-exec-361] org.apache.catalina.core.StandardContext.reload Reloading Context with name [/QLTV_ver1] is completed
21-May-2019 18:31:12.359 INFO [http-nio-8080-exec-372] org.apache.catalina.core.StandardContext.reload Reloading Context with name [/QLTV_ver1] has started
21-May-2019 18:31:12.375 WARNING [http-nio-8080-exec-372] org.apache.catalina.loader.WebappClassLoaderBase.clearReferencesJdbc The web application [QLTV_ver1] registered the JDBC driver [com.microsoft.sqlserver.jdbc.SQLServerDriver] but failed to unregister it when the web application was stopped. To prevent a memory leak, the JDBC Driver has been forcibly unregistered.
21-May-2019 18:31:12.593 INFO [http-nio-8080-exec-372] org.apache.jasper.servlet.TldScanner.scanJars At least one JAR was scanned for TLDs yet contained no TLDs. Enable debug logging for this logger for a complete list of JARs that were scanned but no TLDs were found in them. Skipping unneeded JARs during scanning can improve startup time and JSP compilation time.
21-May-2019 18:31:12.593 INFO [http-nio-8080-exec-372] org.apache.catalina.core.StandardContext.reload Reloading Context with name [/QLTV_ver1] is completed
21-May-2019 18:32:07.911 INFO [http-nio-8080-exec-376] org.apache.catalina.core.StandardContext.reload Reloading Context with name [/QLTV_ver1] has started
21-May-2019 18:32:07.911 WARNING [http-nio-8080-exec-376] org.apache.catalina.loader.WebappClassLoaderBase.clearReferencesJdbc The web application [QLTV_ver1] registered the JDBC driver [com.microsoft.sqlserver.jdbc.SQLServerDriver] but failed to unregister it when the web application was stopped. To prevent a memory leak, the JDBC Driver has been forcibly unregistered.
21-May-2019 18:32:08.176 INFO [http-nio-8080-exec-376] org.apache.jasper.servlet.TldScanner.scanJars At least one JAR was scanned for TLDs yet contained no TLDs. Enable debug logging for this logger for a complete list of JARs that were scanned but no TLDs were found in them. Skipping unneeded JARs during scanning can improve startup time and JSP compilation time.
21-May-2019 18:32:08.192 INFO [http-nio-8080-exec-376] org.apache.catalina.core.StandardContext.reload Reloading Context with name [/QLTV_ver1] is completed
21-May-2019 18:37:42.783 INFO [main] org.apache.catalina.core.StandardServer.await A valid shutdown command was received via the shutdown port. Stopping the Server instance.
21-May-2019 18:37:42.784 INFO [main] org.apache.coyote.AbstractProtocol.pause Pausing ProtocolHandler ["http-nio-8080"]
21-May-2019 18:37:43.013 INFO [main] org.apache.coyote.AbstractProtocol.pause Pausing ProtocolHandler ["ajp-nio-8009"]
21-May-2019 18:37:43.186 INFO [main] org.apache.catalina.core.StandardService.stopInternal Stopping service [Catalina]
21-May-2019 18:37:43.287 WARNING [main] org.apache.catalina.loader.WebappClassLoaderBase.clearReferencesJdbc The web application [QLTV_ver1] registered the JDBC driver [com.microsoft.sqlserver.jdbc.SQLServerDriver] but failed to unregister it when the web application was stopped. To prevent a memory leak, the JDBC Driver has been forcibly unregistered.
21-May-2019 18:37:43.292 INFO [main] org.apache.coyote.AbstractProtocol.stop Stopping ProtocolHandler ["http-nio-8080"]
21-May-2019 18:37:43.294 INFO [main] org.apache.coyote.AbstractProtocol.stop Stopping ProtocolHandler ["ajp-nio-8009"]
21-May-2019 18:37:43.301 INFO [main] org.apache.coyote.AbstractProtocol.destroy Destroying ProtocolHandler ["http-nio-8080"]
21-May-2019 18:37:43.336 INFO [main] org.apache.coyote.AbstractProtocol.destroy Destroying ProtocolHandler ["ajp-nio-8009"]
