03-Jun-2019 06:56:29.419 INFO [main] org.apache.catalina.core.ApplicationContext.log ContextListener: contextInitialized()
03-Jun-2019 06:56:29.419 INFO [main] org.apache.catalina.core.ApplicationContext.log SessionListener: contextInitialized()
03-Jun-2019 06:56:29.419 INFO [main] org.apache.catalina.core.ApplicationContext.log ContextListener: attributeAdded('StockTicker', 'async.Stockticker@c9d0d6')
03-Jun-2019 06:57:22.568 INFO [main] org.apache.catalina.core.ApplicationContext.log SessionListener: contextDestroyed()
03-Jun-2019 06:57:22.568 INFO [main] org.apache.catalina.core.ApplicationContext.log ContextListener: contextDestroyed()
03-Jun-2019 07:23:57.167 INFO [main] org.apache.catalina.core.ApplicationContext.log ContextListener: contextInitialized()
03-Jun-2019 07:23:57.167 INFO [main] org.apache.catalina.core.ApplicationContext.log SessionListener: contextInitialized()
03-Jun-2019 07:23:57.167 INFO [main] org.apache.catalina.core.ApplicationContext.log ContextListener: attributeAdded('StockTicker', 'async.Stockticker@61fe30')
03-Jun-2019 07:43:54.280 INFO [main] org.apache.catalina.core.ApplicationContext.log SessionListener: contextDestroyed()
03-Jun-2019 07:43:54.282 INFO [main] org.apache.catalina.core.ApplicationContext.log ContextListener: contextDestroyed()
03-Jun-2019 13:28:11.819 INFO [main] org.apache.catalina.core.ApplicationContext.log ContextListener: contextInitialized()
03-Jun-2019 13:28:11.819 INFO [main] org.apache.catalina.core.ApplicationContext.log SessionListener: contextInitialized()
03-Jun-2019 13:28:11.819 INFO [main] org.apache.catalina.core.ApplicationContext.log ContextListener: attributeAdded('StockTicker', 'async.Stockticker@61fe30')
03-Jun-2019 13:56:42.713 SEVERE [http-nio-8080-exec-22] org.apache.catalina.core.StandardWrapperValve.invoke Servlet.service() for servlet [jsp] in context with path [/QLTV_ver1] threw exception [Unable to compile class for JSP: 

An error occurred at line: [6] in the jsp file: [/them_nhanvien.jsp]
TaiLieu_DAO cannot be resolved to a type
3: 
4: <%
5:         db_connection db=new db_connection();
6:         TaiLieu_DAO tlidao=new TaiLieu_DAO(db);
7:         TheLoai_DAO tlodao=new TheLoai_DAO(db);
8:         ArrayList<TaiLieu> tli=tlidao.getAll();
9:         String maTaiLieuMoi="";


An error occurred at line: [6] in the jsp file: [/them_nhanvien.jsp]
TaiLieu_DAO cannot be resolved to a type
3: 
4: <%
5:         db_connection db=new db_connection();
6:         TaiLieu_DAO tlidao=new TaiLieu_DAO(db);
7:         TheLoai_DAO tlodao=new TheLoai_DAO(db);
8:         ArrayList<TaiLieu> tli=tlidao.getAll();
9:         String maTaiLieuMoi="";


An error occurred at line: [7] in the jsp file: [/them_nhanvien.jsp]
TheLoai_DAO cannot be resolved to a type
4: <%
5:         db_connection db=new db_connection();
6:         TaiLieu_DAO tlidao=new TaiLieu_DAO(db);
7:         TheLoai_DAO tlodao=new TheLoai_DAO(db);
8:         ArrayList<TaiLieu> tli=tlidao.getAll();
9:         String maTaiLieuMoi="";
10:             String maTaiLieuCu=tli.get(tli.size()-1).getMaTaiLieu().toString();


An error occurred at line: [7] in the jsp file: [/them_nhanvien.jsp]
TheLoai_DAO cannot be resolved to a type
4: <%
5:         db_connection db=new db_connection();
6:         TaiLieu_DAO tlidao=new TaiLieu_DAO(db);
7:         TheLoai_DAO tlodao=new TheLoai_DAO(db);
8:         ArrayList<TaiLieu> tli=tlidao.getAll();
9:         String maTaiLieuMoi="";
10:             String maTaiLieuCu=tli.get(tli.size()-1).getMaTaiLieu().toString();


An error occurred at line: [8] in the jsp file: [/them_nhanvien.jsp]
TaiLieu cannot be resolved to a type
5:         db_connection db=new db_connection();
6:         TaiLieu_DAO tlidao=new TaiLieu_DAO(db);
7:         TheLoai_DAO tlodao=new TheLoai_DAO(db);
8:         ArrayList<TaiLieu> tli=tlidao.getAll();
9:         String maTaiLieuMoi="";
10:             String maTaiLieuCu=tli.get(tli.size()-1).getMaTaiLieu().toString();
11:             int soTaiLieuMoi=Integer.valueOf(maTaiLieuCu.substring(3, maTaiLieuCu.length()).toString()) + 1;


Stacktrace:] with root cause
 org.apache.jasper.JasperException: Unable to compile class for JSP: 

An error occurred at line: [6] in the jsp file: [/them_nhanvien.jsp]
TaiLieu_DAO cannot be resolved to a type
3: 
4: <%
5:         db_connection db=new db_connection();
6:         TaiLieu_DAO tlidao=new TaiLieu_DAO(db);
7:         TheLoai_DAO tlodao=new TheLoai_DAO(db);
8:         ArrayList<TaiLieu> tli=tlidao.getAll();
9:         String maTaiLieuMoi="";


An error occurred at line: [6] in the jsp file: [/them_nhanvien.jsp]
TaiLieu_DAO cannot be resolved to a type
3: 
4: <%
5:         db_connection db=new db_connection();
6:         TaiLieu_DAO tlidao=new TaiLieu_DAO(db);
7:         TheLoai_DAO tlodao=new TheLoai_DAO(db);
8:         ArrayList<TaiLieu> tli=tlidao.getAll();
9:         String maTaiLieuMoi="";


An error occurred at line: [7] in the jsp file: [/them_nhanvien.jsp]
TheLoai_DAO cannot be resolved to a type
4: <%
5:         db_connection db=new db_connection();
6:         TaiLieu_DAO tlidao=new TaiLieu_DAO(db);
7:         TheLoai_DAO tlodao=new TheLoai_DAO(db);
8:         ArrayList<TaiLieu> tli=tlidao.getAll();
9:         String maTaiLieuMoi="";
10:             String maTaiLieuCu=tli.get(tli.size()-1).getMaTaiLieu().toString();


An error occurred at line: [7] in the jsp file: [/them_nhanvien.jsp]
TheLoai_DAO cannot be resolved to a type
4: <%
5:         db_connection db=new db_connection();
6:         TaiLieu_DAO tlidao=new TaiLieu_DAO(db);
7:         TheLoai_DAO tlodao=new TheLoai_DAO(db);
8:         ArrayList<TaiLieu> tli=tlidao.getAll();
9:         String maTaiLieuMoi="";
10:             String maTaiLieuCu=tli.get(tli.size()-1).getMaTaiLieu().toString();


An error occurred at line: [8] in the jsp file: [/them_nhanvien.jsp]
TaiLieu cannot be resolved to a type
5:         db_connection db=new db_connection();
6:         TaiLieu_DAO tlidao=new TaiLieu_DAO(db);
7:         TheLoai_DAO tlodao=new TheLoai_DAO(db);
8:         ArrayList<TaiLieu> tli=tlidao.getAll();
9:         String maTaiLieuMoi="";
10:             String maTaiLieuCu=tli.get(tli.size()-1).getMaTaiLieu().toString();
11:             int soTaiLieuMoi=Integer.valueOf(maTaiLieuCu.substring(3, maTaiLieuCu.length()).toString()) + 1;


Stacktrace:
	at org.apache.jasper.compiler.DefaultErrorHandler.javacError(DefaultErrorHandler.java:103)
	at org.apache.jasper.compiler.ErrorDispatcher.javacError(ErrorDispatcher.java:213)
	at org.apache.jasper.compiler.JDTCompiler.generateClass(JDTCompiler.java:522)
	at org.apache.jasper.compiler.Compiler.compile(Compiler.java:392)
	at org.apache.jasper.compiler.Compiler.compile(Compiler.java:362)
	at org.apache.jasper.compiler.Compiler.compile(Compiler.java:346)
	at org.apache.jasper.JspCompilationContext.compile(JspCompilationContext.java:603)
	at org.apache.jasper.servlet.JspServletWrapper.service(JspServletWrapper.java:399)
	at org.apache.jasper.servlet.JspServlet.serviceJspFile(JspServlet.java:385)
	at org.apache.jasper.servlet.JspServlet.service(JspServlet.java:329)
	at javax.servlet.http.HttpServlet.service(HttpServlet.java:741)
	at org.apache.catalina.core.ApplicationFilterChain.internalDoFilter(ApplicationFilterChain.java:231)
	at org.apache.catalina.core.ApplicationFilterChain.doFilter(ApplicationFilterChain.java:166)
	at org.apache.tomcat.websocket.server.WsFilter.doFilter(WsFilter.java:53)
	at org.apache.catalina.core.ApplicationFilterChain.internalDoFilter(ApplicationFilterChain.java:193)
	at org.apache.catalina.core.ApplicationFilterChain.doFilter(ApplicationFilterChain.java:166)
	at org.apache.catalina.core.StandardWrapperValve.invoke(StandardWrapperValve.java:200)
	at org.apache.catalina.core.StandardContextValve.invoke(StandardContextValve.java:96)
	at org.apache.catalina.authenticator.AuthenticatorBase.invoke(AuthenticatorBase.java:490)
	at org.apache.catalina.core.StandardHostValve.invoke(StandardHostValve.java:139)
	at org.apache.catalina.valves.ErrorReportValve.invoke(ErrorReportValve.java:92)
	at org.apache.catalina.valves.AbstractAccessLogValve.invoke(AbstractAccessLogValve.java:678)
	at org.apache.catalina.core.StandardEngineValve.invoke(StandardEngineValve.java:74)
	at org.apache.catalina.connector.CoyoteAdapter.service(CoyoteAdapter.java:343)
	at org.apache.coyote.http11.Http11Processor.service(Http11Processor.java:408)
	at org.apache.coyote.AbstractProcessorLight.process(AbstractProcessorLight.java:66)
	at org.apache.coyote.AbstractProtocol$ConnectionHandler.process(AbstractProtocol.java:836)
	at org.apache.tomcat.util.net.NioEndpoint$SocketProcessor.doRun(NioEndpoint.java:1747)
	at org.apache.tomcat.util.net.SocketProcessorBase.run(SocketProcessorBase.java:49)
	at java.util.concurrent.ThreadPoolExecutor.runWorker(ThreadPoolExecutor.java:1149)
	at java.util.concurrent.ThreadPoolExecutor$Worker.run(ThreadPoolExecutor.java:624)
	at org.apache.tomcat.util.threads.TaskThread$WrappingRunnable.run(TaskThread.java:61)
	at java.lang.Thread.run(Thread.java:748)

03-Jun-2019 14:05:13.441 SEVERE [http-nio-8080-exec-31] org.apache.catalina.core.StandardWrapperValve.invoke Servlet.service() for servlet [jsp] in context with path [/QLTV_ver1] threw exception [Unable to compile class for JSP: 

An error occurred at line: [156] in the jsp file: [/them_nhanvien.jsp]
maTaiLieuMoi cannot be resolved to a variable
153:                                     </thead>
154:                                     <tbody>
155:                                         <tr>
156:                                             <td><input type="text" class="form-control" name="matli" id="matli" value="<%=maTaiLieuMoi %>" readonly="true"></td>
157:                                             <td><input type="text" class="form-control" name="tentli" id="tentli"></td>
158:                                             <td>
159:                                                 <select name="matlo" style="border: 1px solid #ddd; height: 46px;width: 100%;border-radius: 5px">


An error occurred at line: [161] in the jsp file: [/them_nhanvien.jsp]
list_matlo cannot be resolved
158:                                             <td>
159:                                                 <select name="matlo" style="border: 1px solid #ddd; height: 46px;width: 100%;border-radius: 5px">
160: 
161:                                                     <%for (int i = 0; i < list_matlo.size(); i++) {%>
162:                                                     <option value="<%=list_matlo.get(i)%>"><%=list_tentlo.get(i)%></option>
163:                                                     <%}%>
164: 


An error occurred at line: [162] in the jsp file: [/them_nhanvien.jsp]
list_matlo cannot be resolved
159:                                                 <select name="matlo" style="border: 1px solid #ddd; height: 46px;width: 100%;border-radius: 5px">
160: 
161:                                                     <%for (int i = 0; i < list_matlo.size(); i++) {%>
162:                                                     <option value="<%=list_matlo.get(i)%>"><%=list_tentlo.get(i)%></option>
163:                                                     <%}%>
164: 
165:                                                 </select> 


An error occurred at line: [162] in the jsp file: [/them_nhanvien.jsp]
list_tentlo cannot be resolved
159:                                                 <select name="matlo" style="border: 1px solid #ddd; height: 46px;width: 100%;border-radius: 5px">
160: 
161:                                                     <%for (int i = 0; i < list_matlo.size(); i++) {%>
162:                                                     <option value="<%=list_matlo.get(i)%>"><%=list_tentlo.get(i)%></option>
163:                                                     <%}%>
164: 
165:                                                 </select> 


Stacktrace:] with root cause
 org.apache.jasper.JasperException: Unable to compile class for JSP: 

An error occurred at line: [156] in the jsp file: [/them_nhanvien.jsp]
maTaiLieuMoi cannot be resolved to a variable
153:                                     </thead>
154:                                     <tbody>
155:                                         <tr>
156:                                             <td><input type="text" class="form-control" name="matli" id="matli" value="<%=maTaiLieuMoi %>" readonly="true"></td>
157:                                             <td><input type="text" class="form-control" name="tentli" id="tentli"></td>
158:                                             <td>
159:                                                 <select name="matlo" style="border: 1px solid #ddd; height: 46px;width: 100%;border-radius: 5px">


An error occurred at line: [161] in the jsp file: [/them_nhanvien.jsp]
list_matlo cannot be resolved
158:                                             <td>
159:                                                 <select name="matlo" style="border: 1px solid #ddd; height: 46px;width: 100%;border-radius: 5px">
160: 
161:                                                     <%for (int i = 0; i < list_matlo.size(); i++) {%>
162:                                                     <option value="<%=list_matlo.get(i)%>"><%=list_tentlo.get(i)%></option>
163:                                                     <%}%>
164: 


An error occurred at line: [162] in the jsp file: [/them_nhanvien.jsp]
list_matlo cannot be resolved
159:                                                 <select name="matlo" style="border: 1px solid #ddd; height: 46px;width: 100%;border-radius: 5px">
160: 
161:                                                     <%for (int i = 0; i < list_matlo.size(); i++) {%>
162:                                                     <option value="<%=list_matlo.get(i)%>"><%=list_tentlo.get(i)%></option>
163:                                                     <%}%>
164: 
165:                                                 </select> 


An error occurred at line: [162] in the jsp file: [/them_nhanvien.jsp]
list_tentlo cannot be resolved
159:                                                 <select name="matlo" style="border: 1px solid #ddd; height: 46px;width: 100%;border-radius: 5px">
160: 
161:                                                     <%for (int i = 0; i < list_matlo.size(); i++) {%>
162:                                                     <option value="<%=list_matlo.get(i)%>"><%=list_tentlo.get(i)%></option>
163:                                                     <%}%>
164: 
165:                                                 </select> 


Stacktrace:
	at org.apache.jasper.compiler.DefaultErrorHandler.javacError(DefaultErrorHandler.java:103)
	at org.apache.jasper.compiler.ErrorDispatcher.javacError(ErrorDispatcher.java:213)
	at org.apache.jasper.compiler.JDTCompiler.generateClass(JDTCompiler.java:522)
	at org.apache.jasper.compiler.Compiler.compile(Compiler.java:392)
	at org.apache.jasper.compiler.Compiler.compile(Compiler.java:362)
	at org.apache.jasper.compiler.Compiler.compile(Compiler.java:346)
	at org.apache.jasper.JspCompilationContext.compile(JspCompilationContext.java:603)
	at org.apache.jasper.servlet.JspServletWrapper.service(JspServletWrapper.java:399)
	at org.apache.jasper.servlet.JspServlet.serviceJspFile(JspServlet.java:385)
	at org.apache.jasper.servlet.JspServlet.service(JspServlet.java:329)
	at javax.servlet.http.HttpServlet.service(HttpServlet.java:741)
	at org.apache.catalina.core.ApplicationFilterChain.internalDoFilter(ApplicationFilterChain.java:231)
	at org.apache.catalina.core.ApplicationFilterChain.doFilter(ApplicationFilterChain.java:166)
	at org.apache.tomcat.websocket.server.WsFilter.doFilter(WsFilter.java:53)
	at org.apache.catalina.core.ApplicationFilterChain.internalDoFilter(ApplicationFilterChain.java:193)
	at org.apache.catalina.core.ApplicationFilterChain.doFilter(ApplicationFilterChain.java:166)
	at org.apache.catalina.core.StandardWrapperValve.invoke(StandardWrapperValve.java:200)
	at org.apache.catalina.core.StandardContextValve.invoke(StandardContextValve.java:96)
	at org.apache.catalina.authenticator.AuthenticatorBase.invoke(AuthenticatorBase.java:490)
	at org.apache.catalina.core.StandardHostValve.invoke(StandardHostValve.java:139)
	at org.apache.catalina.valves.ErrorReportValve.invoke(ErrorReportValve.java:92)
	at org.apache.catalina.valves.AbstractAccessLogValve.invoke(AbstractAccessLogValve.java:678)
	at org.apache.catalina.core.StandardEngineValve.invoke(StandardEngineValve.java:74)
	at org.apache.catalina.connector.CoyoteAdapter.service(CoyoteAdapter.java:343)
	at org.apache.coyote.http11.Http11Processor.service(Http11Processor.java:408)
	at org.apache.coyote.AbstractProcessorLight.process(AbstractProcessorLight.java:66)
	at org.apache.coyote.AbstractProtocol$ConnectionHandler.process(AbstractProtocol.java:836)
	at org.apache.tomcat.util.net.NioEndpoint$SocketProcessor.doRun(NioEndpoint.java:1747)
	at org.apache.tomcat.util.net.SocketProcessorBase.run(SocketProcessorBase.java:49)
	at java.util.concurrent.ThreadPoolExecutor.runWorker(ThreadPoolExecutor.java:1149)
	at java.util.concurrent.ThreadPoolExecutor$Worker.run(ThreadPoolExecutor.java:624)
	at org.apache.tomcat.util.threads.TaskThread$WrappingRunnable.run(TaskThread.java:61)
	at java.lang.Thread.run(Thread.java:748)

03-Jun-2019 15:19:18.636 SEVERE [http-nio-8080-exec-38] org.apache.catalina.core.StandardWrapperValve.invoke Servlet.service() for servlet [Manager_TaiLieu_Servlet] in context with path [/QLTV_ver1] threw exception
 java.lang.NumberFormatException: null
	at java.lang.Integer.parseInt(Integer.java:542)
	at java.lang.Integer.valueOf(Integer.java:766)
	at Controller.Manager_TaiLieu_Servlet.processRequest(Manager_TaiLieu_Servlet.java:47)
	at Controller.Manager_TaiLieu_Servlet.doGet(Manager_TaiLieu_Servlet.java:90)
	at javax.servlet.http.HttpServlet.service(HttpServlet.java:634)
	at javax.servlet.http.HttpServlet.service(HttpServlet.java:741)
	at org.apache.catalina.core.ApplicationFilterChain.internalDoFilter(ApplicationFilterChain.java:231)
	at org.apache.catalina.core.ApplicationFilterChain.doFilter(ApplicationFilterChain.java:166)
	at org.apache.tomcat.websocket.server.WsFilter.doFilter(WsFilter.java:53)
	at org.apache.catalina.core.ApplicationFilterChain.internalDoFilter(ApplicationFilterChain.java:193)
	at org.apache.catalina.core.ApplicationFilterChain.doFilter(ApplicationFilterChain.java:166)
	at org.apache.catalina.core.StandardWrapperValve.invoke(StandardWrapperValve.java:200)
	at org.apache.catalina.core.StandardContextValve.invoke(StandardContextValve.java:96)
	at org.apache.catalina.authenticator.AuthenticatorBase.invoke(AuthenticatorBase.java:490)
	at org.apache.catalina.core.StandardHostValve.invoke(StandardHostValve.java:139)
	at org.apache.catalina.valves.ErrorReportValve.invoke(ErrorReportValve.java:92)
	at org.apache.catalina.valves.AbstractAccessLogValve.invoke(AbstractAccessLogValve.java:678)
	at org.apache.catalina.core.StandardEngineValve.invoke(StandardEngineValve.java:74)
	at org.apache.catalina.connector.CoyoteAdapter.service(CoyoteAdapter.java:343)
	at org.apache.coyote.http11.Http11Processor.service(Http11Processor.java:408)
	at org.apache.coyote.AbstractProcessorLight.process(AbstractProcessorLight.java:66)
	at org.apache.coyote.AbstractProtocol$ConnectionHandler.process(AbstractProtocol.java:836)
	at org.apache.tomcat.util.net.NioEndpoint$SocketProcessor.doRun(NioEndpoint.java:1747)
	at org.apache.tomcat.util.net.SocketProcessorBase.run(SocketProcessorBase.java:49)
	at java.util.concurrent.ThreadPoolExecutor.runWorker(ThreadPoolExecutor.java:1149)
	at java.util.concurrent.ThreadPoolExecutor$Worker.run(ThreadPoolExecutor.java:624)
	at org.apache.tomcat.util.threads.TaskThread$WrappingRunnable.run(TaskThread.java:61)
	at java.lang.Thread.run(Thread.java:748)

03-Jun-2019 16:49:33.806 INFO [main] org.apache.catalina.core.ApplicationContext.log SessionListener: contextDestroyed()
03-Jun-2019 16:49:33.806 INFO [main] org.apache.catalina.core.ApplicationContext.log ContextListener: contextDestroyed()
03-Jun-2019 17:30:34.040 INFO [main] org.apache.catalina.core.ApplicationContext.log ContextListener: contextInitialized()
03-Jun-2019 17:30:34.040 INFO [main] org.apache.catalina.core.ApplicationContext.log SessionListener: contextInitialized()
03-Jun-2019 17:30:34.041 INFO [main] org.apache.catalina.core.ApplicationContext.log ContextListener: attributeAdded('StockTicker', 'async.Stockticker@4ae9cfc1')
03-Jun-2019 18:58:43.458 INFO [main] org.apache.catalina.core.ApplicationContext.log SessionListener: contextDestroyed()
03-Jun-2019 18:58:43.458 INFO [main] org.apache.catalina.core.ApplicationContext.log ContextListener: contextDestroyed()
