02-Jun-2019 22:26:39.747 INFO [http-nio-8080-exec-8] org.apache.catalina.core.ApplicationContext.log Manager: init: Associated with Deployer 'Catalina:type=Deployer,host=localhost'
02-Jun-2019 22:26:39.747 INFO [http-nio-8080-exec-8] org.apache.catalina.core.ApplicationContext.log Manager: init: Global resources are available
02-Jun-2019 22:26:41.030 INFO [http-nio-8080-exec-9] org.apache.catalina.core.ApplicationContext.log Manager: list: Listing contexts for virtual host 'localhost'
02-Jun-2019 22:26:41.036 INFO [http-nio-8080-exec-10] org.apache.catalina.core.ApplicationContext.log Manager: list: Listing contexts for virtual host 'localhost'
02-Jun-2019 22:26:41.275 INFO [http-nio-8080-exec-2] org.apache.catalina.core.ApplicationContext.log Manager: stop: Stopping web application '/QLTV_ver1'
02-Jun-2019 22:26:41.389 INFO [http-nio-8080-exec-8] org.apache.catalina.core.ApplicationContext.log Manager: start: Starting web application '/QLTV_ver1'
02-Jun-2019 22:27:41.442 INFO [http-nio-8080-exec-17] org.apache.catalina.core.ApplicationContext.log Manager: list: Listing contexts for virtual host 'localhost'
02-Jun-2019 22:27:41.464 INFO [http-nio-8080-exec-13] org.apache.catalina.core.ApplicationContext.log Manager: restart: Reloading web application '/QLTV_ver1'
02-Jun-2019 22:34:52.062 INFO [http-nio-8080-exec-19] org.apache.catalina.core.ApplicationContext.log Manager: list: Listing contexts for virtual host 'localhost'
02-Jun-2019 22:34:52.074 INFO [http-nio-8080-exec-22] org.apache.catalina.core.ApplicationContext.log Manager: restart: Reloading web application '/QLTV_ver1'
02-Jun-2019 22:35:14.868 INFO [http-nio-8080-exec-33] org.apache.catalina.core.ApplicationContext.log Manager: list: Listing contexts for virtual host 'localhost'
02-Jun-2019 22:36:15.130 INFO [http-nio-8080-exec-35] org.apache.catalina.core.ApplicationContext.log Manager: list: Listing contexts for virtual host 'localhost'
02-Jun-2019 22:36:15.141 INFO [http-nio-8080-exec-32] org.apache.catalina.core.ApplicationContext.log Manager: restart: Reloading web application '/QLTV_ver1'
02-Jun-2019 22:36:50.248 INFO [http-nio-8080-exec-33] org.apache.catalina.core.ApplicationContext.log Manager: list: Listing contexts for virtual host 'localhost'
02-Jun-2019 22:37:28.361 INFO [http-nio-8080-exec-43] org.apache.catalina.core.ApplicationContext.log Manager: list: Listing contexts for virtual host 'localhost'
02-Jun-2019 22:37:35.724 INFO [http-nio-8080-exec-42] org.apache.catalina.core.ApplicationContext.log Manager: list: Listing contexts for virtual host 'localhost'
02-Jun-2019 22:37:35.730 INFO [http-nio-8080-exec-39] org.apache.catalina.core.ApplicationContext.log Manager: list: Listing contexts for virtual host 'localhost'
02-Jun-2019 22:37:35.789 INFO [http-nio-8080-exec-44] org.apache.catalina.core.ApplicationContext.log Manager: restart: Reloading web application '/QLTV_ver1'
02-Jun-2019 22:48:25.412 INFO [http-nio-8080-exec-47] org.apache.catalina.core.ApplicationContext.log Manager: list: Listing contexts for virtual host 'localhost'
02-Jun-2019 22:49:08.716 INFO [http-nio-8080-exec-47] org.apache.catalina.core.ApplicationContext.log Manager: list: Listing contexts for virtual host 'localhost'
02-Jun-2019 22:49:08.729 INFO [http-nio-8080-exec-49] org.apache.catalina.core.ApplicationContext.log Manager: restart: Reloading web application '/QLTV_ver1'
02-Jun-2019 22:50:07.905 INFO [http-nio-8080-exec-60] org.apache.catalina.core.ApplicationContext.log Manager: list: Listing contexts for virtual host 'localhost'
02-Jun-2019 22:50:07.916 INFO [http-nio-8080-exec-61] org.apache.catalina.core.ApplicationContext.log Manager: restart: Reloading web application '/QLTV_ver1'
02-Jun-2019 22:51:15.739 INFO [http-nio-8080-exec-58] org.apache.catalina.core.ApplicationContext.log Manager: list: Listing contexts for virtual host 'localhost'
02-Jun-2019 22:51:15.783 INFO [http-nio-8080-exec-62] org.apache.catalina.core.ApplicationContext.log Manager: restart: Reloading web application '/QLTV_ver1'
02-Jun-2019 22:51:43.217 INFO [http-nio-8080-exec-59] org.apache.catalina.core.ApplicationContext.log Manager: list: Listing contexts for virtual host 'localhost'
02-Jun-2019 22:52:13.320 INFO [http-nio-8080-exec-73] org.apache.catalina.core.ApplicationContext.log Manager: list: Listing contexts for virtual host 'localhost'
02-Jun-2019 23:26:23.429 INFO [http-nio-8080-exec-71] org.apache.catalina.core.ApplicationContext.log Manager: list: Listing contexts for virtual host 'localhost'
02-Jun-2019 23:26:23.445 INFO [http-nio-8080-exec-69] org.apache.catalina.core.ApplicationContext.log Manager: list: Listing contexts for virtual host 'localhost'
02-Jun-2019 23:26:23.539 INFO [http-nio-8080-exec-72] org.apache.catalina.core.ApplicationContext.log Manager: restart: Reloading web application '/QLTV_ver1'
02-Jun-2019 23:41:25.781 INFO [http-nio-8080-exec-80] org.apache.catalina.core.ApplicationContext.log Manager: list: Listing contexts for virtual host 'localhost'
02-Jun-2019 23:41:47.473 INFO [http-nio-8080-exec-86] org.apache.catalina.core.ApplicationContext.log Manager: list: Listing contexts for virtual host 'localhost'
